[2024-12-24T08:17:37.009+0000] {local_task_job_runner.py:123} INFO - ::group::Pre task execution logs
[2024-12-24T08:17:37.136+0000] {taskinstance.py:2613} INFO - Dependencies all met for dep_context=non-requeueable deps ti=<TaskInstance: my_dag.training_model_A scheduled__2024-12-24T08:10:00+00:00 [queued]>
[2024-12-24T08:17:37.173+0000] {taskinstance.py:2613} INFO - Dependencies all met for dep_context=requeueable deps ti=<TaskInstance: my_dag.training_model_A scheduled__2024-12-24T08:10:00+00:00 [queued]>
[2024-12-24T08:17:37.177+0000] {taskinstance.py:2866} INFO - Starting attempt 1 of 1
[2024-12-24T08:17:37.294+0000] {taskinstance.py:2889} INFO - Executing <Task(PythonOperator): training_model_A> on 2024-12-24 08:10:00+00:00
[2024-12-24T08:17:37.307+0000] {warnings.py:112} WARNING - /home/***/.local/lib/python3.12/site-packages/***/task/task_runner/standard_task_runner.py:70: DeprecationWarning: This process (pid=965) is multi-threaded, use of fork() may lead to deadlocks in the child.
  pid = os.fork()

[2024-12-24T08:17:37.312+0000] {standard_task_runner.py:72} INFO - Started process 1058 to run task
[2024-12-24T08:17:37.318+0000] {standard_task_runner.py:104} INFO - Running: ['***', 'tasks', 'run', 'my_dag', 'training_model_A', 'scheduled__2024-12-24T08:10:00+00:00', '--job-id', '28', '--raw', '--subdir', 'DAGS_FOLDER/my_dag.py', '--cfg-path', '/tmp/tmpp1firxp8']
[2024-12-24T08:17:37.321+0000] {standard_task_runner.py:105} INFO - Job 28: Subtask training_model_A
[2024-12-24T08:17:37.582+0000] {task_command.py:467} INFO - Running <TaskInstance: my_dag.training_model_A scheduled__2024-12-24T08:10:00+00:00 [running]> on host d2f0fcf0f48d
[2024-12-24T08:17:38.323+0000] {taskinstance.py:3132} INFO - Exporting env vars: AIRFLOW_CTX_DAG_OWNER='***' AIRFLOW_CTX_DAG_ID='my_dag' AIRFLOW_CTX_TASK_ID='training_model_A' AIRFLOW_CTX_EXECUTION_DATE='2024-12-24T08:10:00+00:00' AIRFLOW_CTX_TRY_NUMBER='1' AIRFLOW_CTX_DAG_RUN_ID='scheduled__2024-12-24T08:10:00+00:00'
[2024-12-24T08:17:38.325+0000] {logging_mixin.py:190} INFO - Task instance is in running state
[2024-12-24T08:17:38.332+0000] {logging_mixin.py:190} INFO -  Previous state of the Task instance: queued
[2024-12-24T08:17:38.335+0000] {logging_mixin.py:190} INFO - Current task name:training_model_A state:running start_date:2024-12-24 08:17:37.147510+00:00
[2024-12-24T08:17:38.337+0000] {logging_mixin.py:190} INFO - Dag name:my_dag and current dag run status:running
[2024-12-24T08:17:38.339+0000] {taskinstance.py:731} INFO - ::endgroup::
[2024-12-24T08:17:38.342+0000] {python.py:240} INFO - Done. Returned value was: 2
[2024-12-24T08:17:38.493+0000] {taskinstance.py:340} INFO - ::group::Post task execution logs
[2024-12-24T08:17:38.495+0000] {taskinstance.py:352} INFO - Marking task as SUCCESS. dag_id=my_dag, task_id=training_model_A, run_id=scheduled__2024-12-24T08:10:00+00:00, execution_date=20241224T081000, start_date=20241224T081737, end_date=20241224T081738
[2024-12-24T08:17:38.589+0000] {logging_mixin.py:190} INFO - Task instance in success state
[2024-12-24T08:17:38.590+0000] {logging_mixin.py:190} INFO -  Previous state of the Task instance: running
[2024-12-24T08:17:38.591+0000] {logging_mixin.py:190} INFO - Dag name:my_dag queued_at:2024-12-24 08:12:00.845873+00:00
[2024-12-24T08:17:38.594+0000] {logging_mixin.py:190} INFO - Task hostname:d2f0fcf0f48d operator:PythonOperator
[2024-12-24T08:17:38.627+0000] {local_task_job_runner.py:266} INFO - Task exited with return code 0
[2024-12-24T08:17:39.741+0000] {taskinstance.py:3895} INFO - 1 downstream tasks scheduled from follow-on schedule check
[2024-12-24T08:17:39.877+0000] {local_task_job_runner.py:245} INFO - ::endgroup::
