[2024-12-24T08:24:38.156+0000] {local_task_job_runner.py:123} INFO - ::group::Pre task execution logs
[2024-12-24T08:24:38.193+0000] {taskinstance.py:2613} INFO - Dependencies all met for dep_context=non-requeueable deps ti=<TaskInstance: my_dag.accurate scheduled__2024-12-24T08:22:00+00:00 [queued]>
[2024-12-24T08:24:38.212+0000] {taskinstance.py:2613} INFO - Dependencies all met for dep_context=requeueable deps ti=<TaskInstance: my_dag.accurate scheduled__2024-12-24T08:22:00+00:00 [queued]>
[2024-12-24T08:24:38.213+0000] {taskinstance.py:2866} INFO - Starting attempt 1 of 1
[2024-12-24T08:24:38.273+0000] {taskinstance.py:2889} INFO - Executing <Task(BashOperator): accurate> on 2024-12-24 08:22:00+00:00
[2024-12-24T08:24:38.287+0000] {warnings.py:112} WARNING - /home/***/.local/lib/python3.12/site-packages/***/task/task_runner/standard_task_runner.py:70: DeprecationWarning: This process (pid=1235) is multi-threaded, use of fork() may lead to deadlocks in the child.
  pid = os.fork()

[2024-12-24T08:24:38.290+0000] {standard_task_runner.py:72} INFO - Started process 1237 to run task
[2024-12-24T08:24:38.298+0000] {standard_task_runner.py:104} INFO - Running: ['***', 'tasks', 'run', 'my_dag', 'accurate', 'scheduled__2024-12-24T08:22:00+00:00', '--job-id', '55', '--raw', '--subdir', 'DAGS_FOLDER/my_dag.py', '--cfg-path', '/tmp/tmp3pgt82t2']
[2024-12-24T08:24:38.300+0000] {standard_task_runner.py:105} INFO - Job 55: Subtask accurate
[2024-12-24T08:24:39.497+0000] {task_command.py:467} INFO - Running <TaskInstance: my_dag.accurate scheduled__2024-12-24T08:22:00+00:00 [running]> on host d2f0fcf0f48d
[2024-12-24T08:24:40.224+0000] {taskinstance.py:3132} INFO - Exporting env vars: AIRFLOW_CTX_DAG_OWNER='***' AIRFLOW_CTX_DAG_ID='my_dag' AIRFLOW_CTX_TASK_ID='accurate' AIRFLOW_CTX_EXECUTION_DATE='2024-12-24T08:22:00+00:00' AIRFLOW_CTX_TRY_NUMBER='1' AIRFLOW_CTX_DAG_RUN_ID='scheduled__2024-12-24T08:22:00+00:00'
[2024-12-24T08:24:40.229+0000] {logging_mixin.py:190} INFO - Task instance is in running state
[2024-12-24T08:24:40.232+0000] {logging_mixin.py:190} INFO -  Previous state of the Task instance: queued
[2024-12-24T08:24:40.235+0000] {logging_mixin.py:190} INFO - Current task name:accurate state:running start_date:2024-12-24 08:24:38.194868+00:00
[2024-12-24T08:24:40.237+0000] {logging_mixin.py:190} INFO - Dag name:my_dag and current dag run status:running
[2024-12-24T08:24:40.240+0000] {taskinstance.py:731} INFO - ::endgroup::
[2024-12-24T08:24:40.244+0000] {subprocess.py:78} INFO - Tmp dir root location: /tmp
[2024-12-24T08:24:40.254+0000] {subprocess.py:88} INFO - Running command: ['/usr/bin/bash', '-c', "echo 'accurate'"]
[2024-12-24T08:24:40.282+0000] {subprocess.py:99} INFO - Output:
[2024-12-24T08:24:40.286+0000] {subprocess.py:106} INFO - accurate
[2024-12-24T08:24:40.287+0000] {subprocess.py:110} INFO - Command exited with return code 0
[2024-12-24T08:24:40.374+0000] {taskinstance.py:340} INFO - ::group::Post task execution logs
[2024-12-24T08:24:40.376+0000] {taskinstance.py:352} INFO - Marking task as SUCCESS. dag_id=my_dag, task_id=accurate, run_id=scheduled__2024-12-24T08:22:00+00:00, execution_date=20241224T082200, start_date=20241224T082438, end_date=20241224T082440
[2024-12-24T08:24:40.432+0000] {logging_mixin.py:190} INFO - Task instance in success state
[2024-12-24T08:24:40.433+0000] {logging_mixin.py:190} INFO -  Previous state of the Task instance: running
[2024-12-24T08:24:40.434+0000] {logging_mixin.py:190} INFO - Dag name:my_dag queued_at:2024-12-24 08:24:00.343765+00:00
[2024-12-24T08:24:40.435+0000] {logging_mixin.py:190} INFO - Task hostname:d2f0fcf0f48d operator:BashOperator
[2024-12-24T08:24:40.494+0000] {local_task_job_runner.py:266} INFO - Task exited with return code 0
[2024-12-24T08:24:40.530+0000] {taskinstance.py:3895} INFO - 0 downstream tasks scheduled from follow-on schedule check
[2024-12-24T08:24:40.564+0000] {local_task_job_runner.py:245} INFO - ::endgroup::
