[2024-12-24T08:26:14.301+0000] {local_task_job_runner.py:123} INFO - ::group::Pre task execution logs
[2024-12-24T08:26:14.359+0000] {taskinstance.py:2613} INFO - Dependencies all met for dep_context=non-requeueable deps ti=<TaskInstance: my_dag.training_model_B scheduled__2024-12-24T08:24:00+00:00 [queued]>
[2024-12-24T08:26:14.409+0000] {taskinstance.py:2613} INFO - Dependencies all met for dep_context=requeueable deps ti=<TaskInstance: my_dag.training_model_B scheduled__2024-12-24T08:24:00+00:00 [queued]>
[2024-12-24T08:26:14.417+0000] {taskinstance.py:2866} INFO - Starting attempt 1 of 1
[2024-12-24T08:26:14.575+0000] {taskinstance.py:2889} INFO - Executing <Task(PythonOperator): training_model_B> on 2024-12-24 08:24:00+00:00
[2024-12-24T08:26:14.640+0000] {warnings.py:112} WARNING - /home/***/.local/lib/python3.12/site-packages/***/task/task_runner/standard_task_runner.py:70: DeprecationWarning: This process (pid=1262) is multi-threaded, use of fork() may lead to deadlocks in the child.
  pid = os.fork()

[2024-12-24T08:26:14.660+0000] {standard_task_runner.py:72} INFO - Started process 1269 to run task
[2024-12-24T08:26:14.676+0000] {standard_task_runner.py:104} INFO - Running: ['***', 'tasks', 'run', 'my_dag', 'training_model_B', 'scheduled__2024-12-24T08:24:00+00:00', '--job-id', '57', '--raw', '--subdir', 'DAGS_FOLDER/my_dag.py', '--cfg-path', '/tmp/tmpqga1y1ms']
[2024-12-24T08:26:14.694+0000] {standard_task_runner.py:105} INFO - Job 57: Subtask training_model_B
[2024-12-24T08:26:15.276+0000] {task_command.py:467} INFO - Running <TaskInstance: my_dag.training_model_B scheduled__2024-12-24T08:24:00+00:00 [running]> on host d2f0fcf0f48d
[2024-12-24T08:26:16.809+0000] {taskinstance.py:3132} INFO - Exporting env vars: AIRFLOW_CTX_DAG_OWNER='***' AIRFLOW_CTX_DAG_ID='my_dag' AIRFLOW_CTX_TASK_ID='training_model_B' AIRFLOW_CTX_EXECUTION_DATE='2024-12-24T08:24:00+00:00' AIRFLOW_CTX_TRY_NUMBER='1' AIRFLOW_CTX_DAG_RUN_ID='scheduled__2024-12-24T08:24:00+00:00'
[2024-12-24T08:26:16.814+0000] {logging_mixin.py:190} INFO - Task instance is in running state
[2024-12-24T08:26:16.817+0000] {logging_mixin.py:190} INFO -  Previous state of the Task instance: queued
[2024-12-24T08:26:16.821+0000] {logging_mixin.py:190} INFO - Current task name:training_model_B state:running start_date:2024-12-24 08:26:14.360842+00:00
[2024-12-24T08:26:16.822+0000] {logging_mixin.py:190} INFO - Dag name:my_dag and current dag run status:running
[2024-12-24T08:26:16.824+0000] {taskinstance.py:731} INFO - ::endgroup::
[2024-12-24T08:26:16.826+0000] {python.py:240} INFO - Done. Returned value was: 6
[2024-12-24T08:26:17.113+0000] {taskinstance.py:340} INFO - ::group::Post task execution logs
[2024-12-24T08:26:17.115+0000] {taskinstance.py:352} INFO - Marking task as SUCCESS. dag_id=my_dag, task_id=training_model_B, run_id=scheduled__2024-12-24T08:24:00+00:00, execution_date=20241224T082400, start_date=20241224T082614, end_date=20241224T082617
[2024-12-24T08:26:17.212+0000] {logging_mixin.py:190} INFO - Task instance in success state
[2024-12-24T08:26:17.213+0000] {logging_mixin.py:190} INFO -  Previous state of the Task instance: running
[2024-12-24T08:26:17.214+0000] {logging_mixin.py:190} INFO - Dag name:my_dag queued_at:2024-12-24 08:26:01.703293+00:00
[2024-12-24T08:26:17.215+0000] {logging_mixin.py:190} INFO - Task hostname:d2f0fcf0f48d operator:PythonOperator
[2024-12-24T08:26:17.295+0000] {local_task_job_runner.py:266} INFO - Task exited with return code 0
[2024-12-24T08:26:17.370+0000] {local_task_job_runner.py:245} INFO - ::endgroup::
