[2024-12-24T08:30:10.773+0000] {local_task_job_runner.py:123} INFO - ::group::Pre task execution logs
[2024-12-24T08:30:10.849+0000] {taskinstance.py:2613} INFO - Dependencies all met for dep_context=non-requeueable deps ti=<TaskInstance: my_dag.training_model_B scheduled__2024-12-24T08:28:00+00:00 [queued]>
[2024-12-24T08:30:10.893+0000] {taskinstance.py:2613} INFO - Dependencies all met for dep_context=requeueable deps ti=<TaskInstance: my_dag.training_model_B scheduled__2024-12-24T08:28:00+00:00 [queued]>
[2024-12-24T08:30:10.895+0000] {taskinstance.py:2866} INFO - Starting attempt 1 of 1
[2024-12-24T08:30:10.985+0000] {taskinstance.py:2889} INFO - Executing <Task(PythonOperator): training_model_B> on 2024-12-24 08:28:00+00:00
[2024-12-24T08:30:11.013+0000] {warnings.py:112} WARNING - /home/***/.local/lib/python3.12/site-packages/***/task/task_runner/standard_task_runner.py:70: DeprecationWarning: This process (pid=1346) is multi-threaded, use of fork() may lead to deadlocks in the child.
  pid = os.fork()

[2024-12-24T08:30:11.029+0000] {standard_task_runner.py:72} INFO - Started process 1354 to run task
[2024-12-24T08:30:11.037+0000] {standard_task_runner.py:104} INFO - Running: ['***', 'tasks', 'run', 'my_dag', 'training_model_B', 'scheduled__2024-12-24T08:28:00+00:00', '--job-id', '67', '--raw', '--subdir', 'DAGS_FOLDER/my_dag.py', '--cfg-path', '/tmp/tmppclzjldz']
[2024-12-24T08:30:11.044+0000] {standard_task_runner.py:105} INFO - Job 67: Subtask training_model_B
[2024-12-24T08:30:11.962+0000] {task_command.py:467} INFO - Running <TaskInstance: my_dag.training_model_B scheduled__2024-12-24T08:28:00+00:00 [running]> on host d2f0fcf0f48d
[2024-12-24T08:30:16.421+0000] {taskinstance.py:3132} INFO - Exporting env vars: AIRFLOW_CTX_DAG_OWNER='***' AIRFLOW_CTX_DAG_ID='my_dag' AIRFLOW_CTX_TASK_ID='training_model_B' AIRFLOW_CTX_EXECUTION_DATE='2024-12-24T08:28:00+00:00' AIRFLOW_CTX_TRY_NUMBER='1' AIRFLOW_CTX_DAG_RUN_ID='scheduled__2024-12-24T08:28:00+00:00'
[2024-12-24T08:30:16.437+0000] {logging_mixin.py:190} INFO - Task instance is in running state
[2024-12-24T08:30:16.471+0000] {logging_mixin.py:190} INFO -  Previous state of the Task instance: queued
[2024-12-24T08:30:16.487+0000] {logging_mixin.py:190} INFO - Current task name:training_model_B state:running start_date:2024-12-24 08:30:10.856024+00:00
[2024-12-24T08:30:16.498+0000] {logging_mixin.py:190} INFO - Dag name:my_dag and current dag run status:running
[2024-12-24T08:30:16.506+0000] {taskinstance.py:731} INFO - ::endgroup::
[2024-12-24T08:30:16.509+0000] {python.py:240} INFO - Done. Returned value was: 10
[2024-12-24T08:30:17.295+0000] {taskinstance.py:340} INFO - ::group::Post task execution logs
[2024-12-24T08:30:17.301+0000] {taskinstance.py:352} INFO - Marking task as SUCCESS. dag_id=my_dag, task_id=training_model_B, run_id=scheduled__2024-12-24T08:28:00+00:00, execution_date=20241224T082800, start_date=20241224T083010, end_date=20241224T083017
[2024-12-24T08:30:18.259+0000] {logging_mixin.py:190} INFO - Task instance in success state
[2024-12-24T08:30:18.265+0000] {logging_mixin.py:190} INFO -  Previous state of the Task instance: running
[2024-12-24T08:30:18.274+0000] {logging_mixin.py:190} INFO - Dag name:my_dag queued_at:2024-12-24 08:30:01.127078+00:00
[2024-12-24T08:30:18.275+0000] {logging_mixin.py:190} INFO - Task hostname:d2f0fcf0f48d operator:PythonOperator
[2024-12-24T08:30:18.335+0000] {local_task_job_runner.py:266} INFO - Task exited with return code 0
[2024-12-24T08:30:18.818+0000] {taskinstance.py:3895} INFO - 1 downstream tasks scheduled from follow-on schedule check
[2024-12-24T08:30:19.473+0000] {local_task_job_runner.py:245} INFO - ::endgroup::
