[2024-12-24T08:18:03.095+0000] {local_task_job_runner.py:123} INFO - ::group::Pre task execution logs
[2024-12-24T08:18:03.453+0000] {taskinstance.py:2613} INFO - Dependencies all met for dep_context=non-requeueable deps ti=<TaskInstance: my_dag.inaccurate scheduled__2024-12-24T08:10:00+00:00 [queued]>
[2024-12-24T08:18:03.623+0000] {taskinstance.py:2613} INFO - Dependencies all met for dep_context=requeueable deps ti=<TaskInstance: my_dag.inaccurate scheduled__2024-12-24T08:10:00+00:00 [queued]>
[2024-12-24T08:18:03.629+0000] {taskinstance.py:2866} INFO - Starting attempt 1 of 1
[2024-12-24T08:18:04.134+0000] {taskinstance.py:2889} INFO - Executing <Task(BashOperator): inaccurate> on 2024-12-24 08:10:00+00:00
[2024-12-24T08:18:04.219+0000] {warnings.py:112} WARNING - /home/***/.local/lib/python3.12/site-packages/***/task/task_runner/standard_task_runner.py:70: DeprecationWarning: This process (pid=1064) is multi-threaded, use of fork() may lead to deadlocks in the child.
  pid = os.fork()

[2024-12-24T08:18:04.234+0000] {standard_task_runner.py:72} INFO - Started process 1077 to run task
[2024-12-24T08:18:04.286+0000] {standard_task_runner.py:104} INFO - Running: ['***', 'tasks', 'run', 'my_dag', 'inaccurate', 'scheduled__2024-12-24T08:10:00+00:00', '--job-id', '30', '--raw', '--subdir', 'DAGS_FOLDER/my_dag.py', '--cfg-path', '/tmp/tmp8uutfnao']
[2024-12-24T08:18:04.312+0000] {standard_task_runner.py:105} INFO - Job 30: Subtask inaccurate
[2024-12-24T08:18:06.403+0000] {task_command.py:467} INFO - Running <TaskInstance: my_dag.inaccurate scheduled__2024-12-24T08:10:00+00:00 [running]> on host d2f0fcf0f48d
[2024-12-24T08:18:08.179+0000] {taskinstance.py:3132} INFO - Exporting env vars: AIRFLOW_CTX_DAG_OWNER='***' AIRFLOW_CTX_DAG_ID='my_dag' AIRFLOW_CTX_TASK_ID='inaccurate' AIRFLOW_CTX_EXECUTION_DATE='2024-12-24T08:10:00+00:00' AIRFLOW_CTX_TRY_NUMBER='1' AIRFLOW_CTX_DAG_RUN_ID='scheduled__2024-12-24T08:10:00+00:00'
[2024-12-24T08:18:08.185+0000] {logging_mixin.py:190} INFO - Task instance is in running state
[2024-12-24T08:18:08.203+0000] {logging_mixin.py:190} INFO -  Previous state of the Task instance: queued
[2024-12-24T08:18:08.205+0000] {logging_mixin.py:190} INFO - Current task name:inaccurate state:running start_date:2024-12-24 08:18:03.455265+00:00
[2024-12-24T08:18:08.213+0000] {logging_mixin.py:190} INFO - Dag name:my_dag and current dag run status:running
[2024-12-24T08:18:08.217+0000] {taskinstance.py:731} INFO - ::endgroup::
[2024-12-24T08:18:08.222+0000] {subprocess.py:78} INFO - Tmp dir root location: /tmp
[2024-12-24T08:18:08.252+0000] {subprocess.py:88} INFO - Running command: ['/usr/bin/bash', '-c', "echo 'inaccurate'"]
[2024-12-24T08:18:08.379+0000] {subprocess.py:99} INFO - Output:
[2024-12-24T08:18:08.950+0000] {subprocess.py:106} INFO - inaccurate
[2024-12-24T08:18:08.966+0000] {subprocess.py:110} INFO - Command exited with return code 0
[2024-12-24T08:18:09.355+0000] {taskinstance.py:340} INFO - ::group::Post task execution logs
[2024-12-24T08:18:09.447+0000] {taskinstance.py:352} INFO - Marking task as SUCCESS. dag_id=my_dag, task_id=inaccurate, run_id=scheduled__2024-12-24T08:10:00+00:00, execution_date=20241224T081000, start_date=20241224T081803, end_date=20241224T081809
[2024-12-24T08:18:09.805+0000] {logging_mixin.py:190} INFO - Task instance in success state
[2024-12-24T08:18:10.112+0000] {logging_mixin.py:190} INFO -  Previous state of the Task instance: running
[2024-12-24T08:18:10.160+0000] {logging_mixin.py:190} INFO - Dag name:my_dag queued_at:2024-12-24 08:12:00.845873+00:00
[2024-12-24T08:18:10.192+0000] {logging_mixin.py:190} INFO - Task hostname:d2f0fcf0f48d operator:BashOperator
[2024-12-24T08:18:10.374+0000] {local_task_job_runner.py:266} INFO - Task exited with return code 0
[2024-12-24T08:18:13.091+0000] {local_task_job_runner.py:245} INFO - ::endgroup::
