[2024-12-24T08:16:18.940+0000] {local_task_job_runner.py:123} INFO - ::group::Pre task execution logs
[2024-12-24T08:16:19.188+0000] {taskinstance.py:2613} INFO - Dependencies all met for dep_context=non-requeueable deps ti=<TaskInstance: my_dag.training_model_C scheduled__2024-12-24T08:14:00+00:00 [queued]>
[2024-12-24T08:16:19.232+0000] {taskinstance.py:2613} INFO - Dependencies all met for dep_context=requeueable deps ti=<TaskInstance: my_dag.training_model_C scheduled__2024-12-24T08:14:00+00:00 [queued]>
[2024-12-24T08:16:19.233+0000] {taskinstance.py:2866} INFO - Starting attempt 1 of 1
[2024-12-24T08:16:19.821+0000] {taskinstance.py:2889} INFO - Executing <Task(PythonOperator): training_model_C> on 2024-12-24 08:14:00+00:00
[2024-12-24T08:16:19.862+0000] {standard_task_runner.py:104} INFO - Running: ['***', 'tasks', 'run', 'my_dag', 'training_model_C', 'scheduled__2024-12-24T08:14:00+00:00', '--job-id', '25', '--raw', '--subdir', 'DAGS_FOLDER/my_dag.py', '--cfg-path', '/tmp/tmpgsztu6p6']
[2024-12-24T08:16:19.883+0000] {standard_task_runner.py:105} INFO - Job 25: Subtask training_model_C
[2024-12-24T08:16:19.857+0000] {warnings.py:112} WARNING - /home/***/.local/lib/python3.12/site-packages/***/task/task_runner/standard_task_runner.py:70: DeprecationWarning: This process (pid=1021) is multi-threaded, use of fork() may lead to deadlocks in the child.
  pid = os.fork()

[2024-12-24T08:16:19.891+0000] {standard_task_runner.py:72} INFO - Started process 1036 to run task
[2024-12-24T08:16:21.956+0000] {task_command.py:467} INFO - Running <TaskInstance: my_dag.training_model_C scheduled__2024-12-24T08:14:00+00:00 [running]> on host d2f0fcf0f48d
[2024-12-24T08:16:23.445+0000] {taskinstance.py:3132} INFO - Exporting env vars: AIRFLOW_CTX_DAG_OWNER='***' AIRFLOW_CTX_DAG_ID='my_dag' AIRFLOW_CTX_TASK_ID='training_model_C' AIRFLOW_CTX_EXECUTION_DATE='2024-12-24T08:14:00+00:00' AIRFLOW_CTX_TRY_NUMBER='1' AIRFLOW_CTX_DAG_RUN_ID='scheduled__2024-12-24T08:14:00+00:00'
[2024-12-24T08:16:23.454+0000] {logging_mixin.py:190} INFO - Task instance is in running state
[2024-12-24T08:16:23.456+0000] {logging_mixin.py:190} INFO -  Previous state of the Task instance: queued
[2024-12-24T08:16:23.458+0000] {logging_mixin.py:190} INFO - Current task name:training_model_C state:running start_date:2024-12-24 08:16:19.192572+00:00
[2024-12-24T08:16:23.460+0000] {logging_mixin.py:190} INFO - Dag name:my_dag and current dag run status:running
[2024-12-24T08:16:23.463+0000] {taskinstance.py:731} INFO - ::endgroup::
[2024-12-24T08:16:23.465+0000] {python.py:240} INFO - Done. Returned value was: 2
[2024-12-24T08:16:23.938+0000] {taskinstance.py:340} INFO - ::group::Post task execution logs
[2024-12-24T08:16:23.999+0000] {taskinstance.py:352} INFO - Marking task as SUCCESS. dag_id=my_dag, task_id=training_model_C, run_id=scheduled__2024-12-24T08:14:00+00:00, execution_date=20241224T081400, start_date=20241224T081619, end_date=20241224T081623
[2024-12-24T08:16:24.680+0000] {logging_mixin.py:190} INFO - Task instance in success state
[2024-12-24T08:16:24.685+0000] {logging_mixin.py:190} INFO -  Previous state of the Task instance: running
[2024-12-24T08:16:24.703+0000] {logging_mixin.py:190} INFO - Dag name:my_dag queued_at:2024-12-24 08:16:00.598237+00:00
[2024-12-24T08:16:24.706+0000] {logging_mixin.py:190} INFO - Task hostname:d2f0fcf0f48d operator:PythonOperator
[2024-12-24T08:16:24.951+0000] {local_task_job_runner.py:266} INFO - Task exited with return code 0
[2024-12-24T08:16:26.626+0000] {taskinstance.py:3895} INFO - 1 downstream tasks scheduled from follow-on schedule check
[2024-12-24T08:16:27.416+0000] {local_task_job_runner.py:245} INFO - ::endgroup::
