[2024-12-24T08:30:10.386+0000] {local_task_job_runner.py:123} INFO - ::group::Pre task execution logs
[2024-12-24T08:30:10.538+0000] {taskinstance.py:2613} INFO - Dependencies all met for dep_context=non-requeueable deps ti=<TaskInstance: my_dag.training_model_A scheduled__2024-12-24T08:28:00+00:00 [queued]>
[2024-12-24T08:30:10.596+0000] {taskinstance.py:2613} INFO - Dependencies all met for dep_context=requeueable deps ti=<TaskInstance: my_dag.training_model_A scheduled__2024-12-24T08:28:00+00:00 [queued]>
[2024-12-24T08:30:10.600+0000] {taskinstance.py:2866} INFO - Starting attempt 1 of 1
[2024-12-24T08:30:10.720+0000] {taskinstance.py:2889} INFO - Executing <Task(PythonOperator): training_model_A> on 2024-12-24 08:28:00+00:00
[2024-12-24T08:30:10.742+0000] {warnings.py:112} WARNING - /home/***/.local/lib/python3.12/site-packages/***/task/task_runner/standard_task_runner.py:70: DeprecationWarning: This process (pid=1347) is multi-threaded, use of fork() may lead to deadlocks in the child.
  pid = os.fork()

[2024-12-24T08:30:10.747+0000] {standard_task_runner.py:72} INFO - Started process 1352 to run task
[2024-12-24T08:30:10.756+0000] {standard_task_runner.py:104} INFO - Running: ['***', 'tasks', 'run', 'my_dag', 'training_model_A', 'scheduled__2024-12-24T08:28:00+00:00', '--job-id', '66', '--raw', '--subdir', 'DAGS_FOLDER/my_dag.py', '--cfg-path', '/tmp/tmpz7saaoa7']
[2024-12-24T08:30:10.783+0000] {standard_task_runner.py:105} INFO - Job 66: Subtask training_model_A
[2024-12-24T08:30:11.803+0000] {task_command.py:467} INFO - Running <TaskInstance: my_dag.training_model_A scheduled__2024-12-24T08:28:00+00:00 [running]> on host d2f0fcf0f48d
[2024-12-24T08:30:16.438+0000] {taskinstance.py:3132} INFO - Exporting env vars: AIRFLOW_CTX_DAG_OWNER='***' AIRFLOW_CTX_DAG_ID='my_dag' AIRFLOW_CTX_TASK_ID='training_model_A' AIRFLOW_CTX_EXECUTION_DATE='2024-12-24T08:28:00+00:00' AIRFLOW_CTX_TRY_NUMBER='1' AIRFLOW_CTX_DAG_RUN_ID='scheduled__2024-12-24T08:28:00+00:00'
[2024-12-24T08:30:16.470+0000] {logging_mixin.py:190} INFO - Task instance is in running state
[2024-12-24T08:30:16.487+0000] {logging_mixin.py:190} INFO -  Previous state of the Task instance: queued
[2024-12-24T08:30:16.500+0000] {logging_mixin.py:190} INFO - Current task name:training_model_A state:running start_date:2024-12-24 08:30:10.547358+00:00
[2024-12-24T08:30:16.505+0000] {logging_mixin.py:190} INFO - Dag name:my_dag and current dag run status:running
[2024-12-24T08:30:16.507+0000] {taskinstance.py:731} INFO - ::endgroup::
[2024-12-24T08:30:16.512+0000] {python.py:240} INFO - Done. Returned value was: 1
[2024-12-24T08:30:17.006+0000] {taskinstance.py:340} INFO - ::group::Post task execution logs
[2024-12-24T08:30:17.008+0000] {taskinstance.py:352} INFO - Marking task as SUCCESS. dag_id=my_dag, task_id=training_model_A, run_id=scheduled__2024-12-24T08:28:00+00:00, execution_date=20241224T082800, start_date=20241224T083010, end_date=20241224T083017
[2024-12-24T08:30:17.824+0000] {logging_mixin.py:190} INFO - Task instance in success state
[2024-12-24T08:30:17.831+0000] {logging_mixin.py:190} INFO -  Previous state of the Task instance: running
[2024-12-24T08:30:17.832+0000] {logging_mixin.py:190} INFO - Dag name:my_dag queued_at:2024-12-24 08:30:01.127078+00:00
[2024-12-24T08:30:17.834+0000] {logging_mixin.py:190} INFO - Task hostname:d2f0fcf0f48d operator:PythonOperator
[2024-12-24T08:30:17.871+0000] {local_task_job_runner.py:266} INFO - Task exited with return code 0
[2024-12-24T08:30:17.900+0000] {local_task_job_runner.py:245} INFO - ::endgroup::
