[2024-12-24T08:40:21.822+0000] {local_task_job_runner.py:123} INFO - ::group::Pre task execution logs
[2024-12-24T08:40:21.898+0000] {taskinstance.py:2613} INFO - Dependencies all met for dep_context=non-requeueable deps ti=<TaskInstance: my_dag.choose_best_model scheduled__2024-12-24T08:38:00+00:00 [queued]>
[2024-12-24T08:40:21.922+0000] {taskinstance.py:2613} INFO - Dependencies all met for dep_context=requeueable deps ti=<TaskInstance: my_dag.choose_best_model scheduled__2024-12-24T08:38:00+00:00 [queued]>
[2024-12-24T08:40:21.924+0000] {taskinstance.py:2866} INFO - Starting attempt 1 of 1
[2024-12-24T08:40:22.000+0000] {taskinstance.py:2889} INFO - Executing <Task(BranchPythonOperator): choose_best_model> on 2024-12-24 08:38:00+00:00
[2024-12-24T08:40:22.024+0000] {warnings.py:112} WARNING - /home/***/.local/lib/python3.12/site-packages/***/task/task_runner/standard_task_runner.py:70: DeprecationWarning: This process (pid=1577) is multi-threaded, use of fork() may lead to deadlocks in the child.
  pid = os.fork()

[2024-12-24T08:40:22.033+0000] {standard_task_runner.py:72} INFO - Started process 1579 to run task
[2024-12-24T08:40:22.029+0000] {standard_task_runner.py:104} INFO - Running: ['***', 'tasks', 'run', 'my_dag', 'choose_best_model', 'scheduled__2024-12-24T08:38:00+00:00', '--job-id', '94', '--raw', '--subdir', 'DAGS_FOLDER/my_dag.py', '--cfg-path', '/tmp/tmputybr5q9']
[2024-12-24T08:40:22.043+0000] {standard_task_runner.py:105} INFO - Job 94: Subtask choose_best_model
[2024-12-24T08:40:22.241+0000] {task_command.py:467} INFO - Running <TaskInstance: my_dag.choose_best_model scheduled__2024-12-24T08:38:00+00:00 [running]> on host d2f0fcf0f48d
[2024-12-24T08:40:23.215+0000] {taskinstance.py:3132} INFO - Exporting env vars: AIRFLOW_CTX_DAG_OWNER='***' AIRFLOW_CTX_DAG_ID='my_dag' AIRFLOW_CTX_TASK_ID='choose_best_model' AIRFLOW_CTX_EXECUTION_DATE='2024-12-24T08:38:00+00:00' AIRFLOW_CTX_TRY_NUMBER='1' AIRFLOW_CTX_DAG_RUN_ID='scheduled__2024-12-24T08:38:00+00:00'
[2024-12-24T08:40:23.222+0000] {logging_mixin.py:190} INFO - Task instance is in running state
[2024-12-24T08:40:23.224+0000] {logging_mixin.py:190} INFO -  Previous state of the Task instance: queued
[2024-12-24T08:40:23.235+0000] {logging_mixin.py:190} INFO - Current task name:choose_best_model state:running start_date:2024-12-24 08:40:21.900022+00:00
[2024-12-24T08:40:23.238+0000] {logging_mixin.py:190} INFO - Dag name:my_dag and current dag run status:running
[2024-12-24T08:40:23.239+0000] {taskinstance.py:731} INFO - ::endgroup::
[2024-12-24T08:40:23.241+0000] {baseoperator.py:421} WARNING - BranchPythonOperator.execute cannot be called outside TaskInstance!
[2024-12-24T08:40:23.285+0000] {python.py:240} INFO - Done. Returned value was: inaccurate
[2024-12-24T08:40:23.286+0000] {branch.py:38} INFO - Branch into inaccurate
[2024-12-24T08:40:23.288+0000] {skipmixin.py:230} INFO - Following branch ('inaccurate',)
[2024-12-24T08:40:23.305+0000] {skipmixin.py:278} INFO - Skipping tasks [('accurate', -1)]
[2024-12-24T08:40:23.454+0000] {taskinstance.py:340} INFO - ::group::Post task execution logs
[2024-12-24T08:40:23.455+0000] {taskinstance.py:352} INFO - Marking task as SUCCESS. dag_id=my_dag, task_id=choose_best_model, run_id=scheduled__2024-12-24T08:38:00+00:00, execution_date=20241224T083800, start_date=20241224T084021, end_date=20241224T084023
[2024-12-24T08:40:23.513+0000] {logging_mixin.py:190} INFO - Task instance in success state
[2024-12-24T08:40:23.515+0000] {logging_mixin.py:190} INFO -  Previous state of the Task instance: running
[2024-12-24T08:40:23.516+0000] {logging_mixin.py:190} INFO - Dag name:my_dag queued_at:2024-12-24 08:40:00.583537+00:00
[2024-12-24T08:40:23.517+0000] {logging_mixin.py:190} INFO - Task hostname:d2f0fcf0f48d operator:BranchPythonOperator
[2024-12-24T08:40:23.560+0000] {local_task_job_runner.py:266} INFO - Task exited with return code 0
[2024-12-24T08:40:23.961+0000] {taskinstance.py:3895} INFO - 1 downstream tasks scheduled from follow-on schedule check
[2024-12-24T08:40:23.998+0000] {local_task_job_runner.py:245} INFO - ::endgroup::
