[2024-12-24T08:30:37.540+0000] {local_task_job_runner.py:123} INFO - ::group::Pre task execution logs
[2024-12-24T08:30:37.586+0000] {taskinstance.py:2613} INFO - Dependencies all met for dep_context=non-requeueable deps ti=<TaskInstance: my_dag.accurate scheduled__2024-12-24T08:28:00+00:00 [queued]>
[2024-12-24T08:30:37.603+0000] {taskinstance.py:2613} INFO - Dependencies all met for dep_context=requeueable deps ti=<TaskInstance: my_dag.accurate scheduled__2024-12-24T08:28:00+00:00 [queued]>
[2024-12-24T08:30:37.604+0000] {taskinstance.py:2866} INFO - Starting attempt 1 of 1
[2024-12-24T08:30:37.663+0000] {taskinstance.py:2889} INFO - Executing <Task(BashOperator): accurate> on 2024-12-24 08:28:00+00:00
[2024-12-24T08:30:37.674+0000] {warnings.py:112} WARNING - /home/***/.local/lib/python3.12/site-packages/***/task/task_runner/standard_task_runner.py:70: DeprecationWarning: This process (pid=1369) is multi-threaded, use of fork() may lead to deadlocks in the child.
  pid = os.fork()

[2024-12-24T08:30:37.678+0000] {standard_task_runner.py:72} INFO - Started process 1371 to run task
[2024-12-24T08:30:37.680+0000] {standard_task_runner.py:104} INFO - Running: ['***', 'tasks', 'run', 'my_dag', 'accurate', 'scheduled__2024-12-24T08:28:00+00:00', '--job-id', '70', '--raw', '--subdir', 'DAGS_FOLDER/my_dag.py', '--cfg-path', '/tmp/tmppto4xc_k']
[2024-12-24T08:30:37.683+0000] {standard_task_runner.py:105} INFO - Job 70: Subtask accurate
[2024-12-24T08:30:37.794+0000] {task_command.py:467} INFO - Running <TaskInstance: my_dag.accurate scheduled__2024-12-24T08:28:00+00:00 [running]> on host d2f0fcf0f48d
[2024-12-24T08:30:38.391+0000] {taskinstance.py:3132} INFO - Exporting env vars: AIRFLOW_CTX_DAG_OWNER='***' AIRFLOW_CTX_DAG_ID='my_dag' AIRFLOW_CTX_TASK_ID='accurate' AIRFLOW_CTX_EXECUTION_DATE='2024-12-24T08:28:00+00:00' AIRFLOW_CTX_TRY_NUMBER='1' AIRFLOW_CTX_DAG_RUN_ID='scheduled__2024-12-24T08:28:00+00:00'
[2024-12-24T08:30:38.394+0000] {logging_mixin.py:190} INFO - Task instance is in running state
[2024-12-24T08:30:38.395+0000] {logging_mixin.py:190} INFO -  Previous state of the Task instance: queued
[2024-12-24T08:30:38.396+0000] {logging_mixin.py:190} INFO - Current task name:accurate state:running start_date:2024-12-24 08:30:37.586931+00:00
[2024-12-24T08:30:38.397+0000] {logging_mixin.py:190} INFO - Dag name:my_dag and current dag run status:running
[2024-12-24T08:30:38.398+0000] {taskinstance.py:731} INFO - ::endgroup::
[2024-12-24T08:30:38.400+0000] {subprocess.py:78} INFO - Tmp dir root location: /tmp
[2024-12-24T08:30:38.418+0000] {subprocess.py:88} INFO - Running command: ['/usr/bin/bash', '-c', "echo 'accurate'"]
[2024-12-24T08:30:38.437+0000] {subprocess.py:99} INFO - Output:
[2024-12-24T08:30:38.440+0000] {subprocess.py:106} INFO - accurate
[2024-12-24T08:30:38.442+0000] {subprocess.py:110} INFO - Command exited with return code 0
[2024-12-24T08:30:38.538+0000] {taskinstance.py:340} INFO - ::group::Post task execution logs
[2024-12-24T08:30:38.539+0000] {taskinstance.py:352} INFO - Marking task as SUCCESS. dag_id=my_dag, task_id=accurate, run_id=scheduled__2024-12-24T08:28:00+00:00, execution_date=20241224T082800, start_date=20241224T083037, end_date=20241224T083038
[2024-12-24T08:30:38.590+0000] {logging_mixin.py:190} INFO - Task instance in success state
[2024-12-24T08:30:38.591+0000] {logging_mixin.py:190} INFO -  Previous state of the Task instance: running
[2024-12-24T08:30:38.592+0000] {logging_mixin.py:190} INFO - Dag name:my_dag queued_at:2024-12-24 08:30:01.127078+00:00
[2024-12-24T08:30:38.594+0000] {logging_mixin.py:190} INFO - Task hostname:d2f0fcf0f48d operator:BashOperator
[2024-12-24T08:30:38.622+0000] {local_task_job_runner.py:266} INFO - Task exited with return code 0
[2024-12-24T08:30:38.672+0000] {taskinstance.py:3895} INFO - 0 downstream tasks scheduled from follow-on schedule check
[2024-12-24T08:30:38.706+0000] {local_task_job_runner.py:245} INFO - ::endgroup::
