[2024-12-24T08:34:14.144+0000] {local_task_job_runner.py:123} INFO - ::group::Pre task execution logs
[2024-12-24T08:34:14.207+0000] {taskinstance.py:2613} INFO - Dependencies all met for dep_context=non-requeueable deps ti=<TaskInstance: my_dag.training_model_C scheduled__2024-12-24T08:32:00+00:00 [queued]>
[2024-12-24T08:34:14.232+0000] {taskinstance.py:2613} INFO - Dependencies all met for dep_context=requeueable deps ti=<TaskInstance: my_dag.training_model_C scheduled__2024-12-24T08:32:00+00:00 [queued]>
[2024-12-24T08:34:14.235+0000] {taskinstance.py:2866} INFO - Starting attempt 1 of 1
[2024-12-24T08:34:14.343+0000] {taskinstance.py:2889} INFO - Executing <Task(PythonOperator): training_model_C> on 2024-12-24 08:32:00+00:00
[2024-12-24T08:34:14.364+0000] {warnings.py:112} WARNING - /home/***/.local/lib/python3.12/site-packages/***/task/task_runner/standard_task_runner.py:70: DeprecationWarning: This process (pid=1431) is multi-threaded, use of fork() may lead to deadlocks in the child.
  pid = os.fork()

[2024-12-24T08:34:14.383+0000] {standard_task_runner.py:72} INFO - Started process 1437 to run task
[2024-12-24T08:34:14.376+0000] {standard_task_runner.py:104} INFO - Running: ['***', 'tasks', 'run', 'my_dag', 'training_model_C', 'scheduled__2024-12-24T08:32:00+00:00', '--job-id', '76', '--raw', '--subdir', 'DAGS_FOLDER/my_dag.py', '--cfg-path', '/tmp/tmpurh7o6rg']
[2024-12-24T08:34:14.392+0000] {standard_task_runner.py:105} INFO - Job 76: Subtask training_model_C
[2024-12-24T08:34:15.260+0000] {task_command.py:467} INFO - Running <TaskInstance: my_dag.training_model_C scheduled__2024-12-24T08:32:00+00:00 [running]> on host d2f0fcf0f48d
[2024-12-24T08:34:16.574+0000] {taskinstance.py:3132} INFO - Exporting env vars: AIRFLOW_CTX_DAG_OWNER='***' AIRFLOW_CTX_DAG_ID='my_dag' AIRFLOW_CTX_TASK_ID='training_model_C' AIRFLOW_CTX_EXECUTION_DATE='2024-12-24T08:32:00+00:00' AIRFLOW_CTX_TRY_NUMBER='1' AIRFLOW_CTX_DAG_RUN_ID='scheduled__2024-12-24T08:32:00+00:00'
[2024-12-24T08:34:16.578+0000] {logging_mixin.py:190} INFO - Task instance is in running state
[2024-12-24T08:34:16.587+0000] {logging_mixin.py:190} INFO -  Previous state of the Task instance: queued
[2024-12-24T08:34:16.592+0000] {logging_mixin.py:190} INFO - Current task name:training_model_C state:running start_date:2024-12-24 08:34:14.209648+00:00
[2024-12-24T08:34:16.598+0000] {logging_mixin.py:190} INFO - Dag name:my_dag and current dag run status:running
[2024-12-24T08:34:16.599+0000] {taskinstance.py:731} INFO - ::endgroup::
[2024-12-24T08:34:16.616+0000] {python.py:240} INFO - Done. Returned value was: 10
[2024-12-24T08:34:16.980+0000] {taskinstance.py:340} INFO - ::group::Post task execution logs
[2024-12-24T08:34:17.002+0000] {taskinstance.py:352} INFO - Marking task as SUCCESS. dag_id=my_dag, task_id=training_model_C, run_id=scheduled__2024-12-24T08:32:00+00:00, execution_date=20241224T083200, start_date=20241224T083414, end_date=20241224T083417
[2024-12-24T08:34:17.178+0000] {logging_mixin.py:190} INFO - Task instance in success state
[2024-12-24T08:34:17.186+0000] {logging_mixin.py:190} INFO -  Previous state of the Task instance: running
[2024-12-24T08:34:17.191+0000] {logging_mixin.py:190} INFO - Dag name:my_dag queued_at:2024-12-24 08:34:00.071017+00:00
[2024-12-24T08:34:17.197+0000] {logging_mixin.py:190} INFO - Task hostname:d2f0fcf0f48d operator:PythonOperator
[2024-12-24T08:34:17.326+0000] {local_task_job_runner.py:266} INFO - Task exited with return code 0
[2024-12-24T08:34:17.972+0000] {taskinstance.py:3895} INFO - 0 downstream tasks scheduled from follow-on schedule check
[2024-12-24T08:34:18.034+0000] {local_task_job_runner.py:245} INFO - ::endgroup::
