[2024-12-24T08:24:31.044+0000] {local_task_job_runner.py:123} INFO - ::group::Pre task execution logs
[2024-12-24T08:24:31.102+0000] {taskinstance.py:2613} INFO - Dependencies all met for dep_context=non-requeueable deps ti=<TaskInstance: my_dag.choose_best_model scheduled__2024-12-24T08:22:00+00:00 [queued]>
[2024-12-24T08:24:31.145+0000] {taskinstance.py:2613} INFO - Dependencies all met for dep_context=requeueable deps ti=<TaskInstance: my_dag.choose_best_model scheduled__2024-12-24T08:22:00+00:00 [queued]>
[2024-12-24T08:24:31.148+0000] {taskinstance.py:2866} INFO - Starting attempt 1 of 1
[2024-12-24T08:24:31.290+0000] {taskinstance.py:2889} INFO - Executing <Task(BranchPythonOperator): choose_best_model> on 2024-12-24 08:22:00+00:00
[2024-12-24T08:24:31.312+0000] {warnings.py:112} WARNING - /home/***/.local/lib/python3.12/site-packages/***/task/task_runner/standard_task_runner.py:70: DeprecationWarning: This process (pid=1231) is multi-threaded, use of fork() may lead to deadlocks in the child.
  pid = os.fork()

[2024-12-24T08:24:31.335+0000] {standard_task_runner.py:72} INFO - Started process 1233 to run task
[2024-12-24T08:24:31.316+0000] {standard_task_runner.py:104} INFO - Running: ['***', 'tasks', 'run', 'my_dag', 'choose_best_model', 'scheduled__2024-12-24T08:22:00+00:00', '--job-id', '54', '--raw', '--subdir', 'DAGS_FOLDER/my_dag.py', '--cfg-path', '/tmp/tmpndoqsek2']
[2024-12-24T08:24:31.354+0000] {standard_task_runner.py:105} INFO - Job 54: Subtask choose_best_model
[2024-12-24T08:24:31.661+0000] {task_command.py:467} INFO - Running <TaskInstance: my_dag.choose_best_model scheduled__2024-12-24T08:22:00+00:00 [running]> on host d2f0fcf0f48d
[2024-12-24T08:24:32.497+0000] {taskinstance.py:3132} INFO - Exporting env vars: AIRFLOW_CTX_DAG_OWNER='***' AIRFLOW_CTX_DAG_ID='my_dag' AIRFLOW_CTX_TASK_ID='choose_best_model' AIRFLOW_CTX_EXECUTION_DATE='2024-12-24T08:22:00+00:00' AIRFLOW_CTX_TRY_NUMBER='1' AIRFLOW_CTX_DAG_RUN_ID='scheduled__2024-12-24T08:22:00+00:00'
[2024-12-24T08:24:32.499+0000] {logging_mixin.py:190} INFO - Task instance is in running state
[2024-12-24T08:24:32.500+0000] {logging_mixin.py:190} INFO -  Previous state of the Task instance: queued
[2024-12-24T08:24:32.501+0000] {logging_mixin.py:190} INFO - Current task name:choose_best_model state:running start_date:2024-12-24 08:24:31.106440+00:00
[2024-12-24T08:24:32.502+0000] {logging_mixin.py:190} INFO - Dag name:my_dag and current dag run status:running
[2024-12-24T08:24:32.503+0000] {taskinstance.py:731} INFO - ::endgroup::
[2024-12-24T08:24:32.504+0000] {baseoperator.py:421} WARNING - BranchPythonOperator.execute cannot be called outside TaskInstance!
[2024-12-24T08:24:32.527+0000] {python.py:240} INFO - Done. Returned value was: accurate
[2024-12-24T08:24:32.529+0000] {branch.py:38} INFO - Branch into accurate
[2024-12-24T08:24:32.530+0000] {skipmixin.py:230} INFO - Following branch ('accurate',)
[2024-12-24T08:24:32.549+0000] {skipmixin.py:278} INFO - Skipping tasks [('inaccurate', -1)]
[2024-12-24T08:24:32.760+0000] {taskinstance.py:340} INFO - ::group::Post task execution logs
[2024-12-24T08:24:32.761+0000] {taskinstance.py:352} INFO - Marking task as SUCCESS. dag_id=my_dag, task_id=choose_best_model, run_id=scheduled__2024-12-24T08:22:00+00:00, execution_date=20241224T082200, start_date=20241224T082431, end_date=20241224T082432
[2024-12-24T08:24:32.839+0000] {logging_mixin.py:190} INFO - Task instance in success state
[2024-12-24T08:24:32.841+0000] {logging_mixin.py:190} INFO -  Previous state of the Task instance: running
[2024-12-24T08:24:32.843+0000] {logging_mixin.py:190} INFO - Dag name:my_dag queued_at:2024-12-24 08:24:00.343765+00:00
[2024-12-24T08:24:32.844+0000] {logging_mixin.py:190} INFO - Task hostname:d2f0fcf0f48d operator:BranchPythonOperator
[2024-12-24T08:24:32.901+0000] {local_task_job_runner.py:266} INFO - Task exited with return code 0
[2024-12-24T08:24:33.365+0000] {taskinstance.py:3895} INFO - 1 downstream tasks scheduled from follow-on schedule check
[2024-12-24T08:24:33.403+0000] {local_task_job_runner.py:245} INFO - ::endgroup::
