[2024-12-24T08:20:16.535+0000] {local_task_job_runner.py:123} INFO - ::group::Pre task execution logs
[2024-12-24T08:20:16.695+0000] {taskinstance.py:2613} INFO - Dependencies all met for dep_context=non-requeueable deps ti=<TaskInstance: my_dag.training_model_B scheduled__2024-12-24T08:18:00+00:00 [queued]>
[2024-12-24T08:20:16.782+0000] {taskinstance.py:2613} INFO - Dependencies all met for dep_context=requeueable deps ti=<TaskInstance: my_dag.training_model_B scheduled__2024-12-24T08:18:00+00:00 [queued]>
[2024-12-24T08:20:16.789+0000] {taskinstance.py:2866} INFO - Starting attempt 1 of 1
[2024-12-24T08:20:17.045+0000] {taskinstance.py:2889} INFO - Executing <Task(PythonOperator): training_model_B> on 2024-12-24 08:18:00+00:00
[2024-12-24T08:20:17.116+0000] {warnings.py:112} WARNING - /home/***/.local/lib/python3.12/site-packages/***/task/task_runner/standard_task_runner.py:70: DeprecationWarning: This process (pid=1129) is multi-threaded, use of fork() may lead to deadlocks in the child.
  pid = os.fork()

[2024-12-24T08:20:17.147+0000] {standard_task_runner.py:72} INFO - Started process 1141 to run task
[2024-12-24T08:20:17.135+0000] {standard_task_runner.py:104} INFO - Running: ['***', 'tasks', 'run', 'my_dag', 'training_model_B', 'scheduled__2024-12-24T08:18:00+00:00', '--job-id', '42', '--raw', '--subdir', 'DAGS_FOLDER/my_dag.py', '--cfg-path', '/tmp/tmp_28_x5aw']
[2024-12-24T08:20:17.163+0000] {standard_task_runner.py:105} INFO - Job 42: Subtask training_model_B
[2024-12-24T08:20:17.909+0000] {task_command.py:467} INFO - Running <TaskInstance: my_dag.training_model_B scheduled__2024-12-24T08:18:00+00:00 [running]> on host d2f0fcf0f48d
[2024-12-24T08:20:21.049+0000] {taskinstance.py:3132} INFO - Exporting env vars: AIRFLOW_CTX_DAG_OWNER='***' AIRFLOW_CTX_DAG_ID='my_dag' AIRFLOW_CTX_TASK_ID='training_model_B' AIRFLOW_CTX_EXECUTION_DATE='2024-12-24T08:18:00+00:00' AIRFLOW_CTX_TRY_NUMBER='1' AIRFLOW_CTX_DAG_RUN_ID='scheduled__2024-12-24T08:18:00+00:00'
[2024-12-24T08:20:21.062+0000] {logging_mixin.py:190} INFO - Task instance is in running state
[2024-12-24T08:20:21.069+0000] {logging_mixin.py:190} INFO -  Previous state of the Task instance: queued
[2024-12-24T08:20:21.070+0000] {logging_mixin.py:190} INFO - Current task name:training_model_B state:running start_date:2024-12-24 08:20:16.710650+00:00
[2024-12-24T08:20:21.076+0000] {logging_mixin.py:190} INFO - Dag name:my_dag and current dag run status:running
[2024-12-24T08:20:21.078+0000] {taskinstance.py:731} INFO - ::endgroup::
[2024-12-24T08:20:21.082+0000] {python.py:240} INFO - Done. Returned value was: 7
[2024-12-24T08:20:21.444+0000] {taskinstance.py:340} INFO - ::group::Post task execution logs
[2024-12-24T08:20:21.472+0000] {taskinstance.py:352} INFO - Marking task as SUCCESS. dag_id=my_dag, task_id=training_model_B, run_id=scheduled__2024-12-24T08:18:00+00:00, execution_date=20241224T081800, start_date=20241224T082016, end_date=20241224T082021
[2024-12-24T08:20:21.931+0000] {logging_mixin.py:190} INFO - Task instance in success state
[2024-12-24T08:20:21.932+0000] {logging_mixin.py:190} INFO -  Previous state of the Task instance: running
[2024-12-24T08:20:21.933+0000] {logging_mixin.py:190} INFO - Dag name:my_dag queued_at:2024-12-24 08:20:00.904075+00:00
[2024-12-24T08:20:21.934+0000] {logging_mixin.py:190} INFO - Task hostname:d2f0fcf0f48d operator:PythonOperator
[2024-12-24T08:20:22.078+0000] {local_task_job_runner.py:266} INFO - Task exited with return code 0
[2024-12-24T08:20:22.204+0000] {standard_task_runner.py:217} INFO - Process not found (most likely exited), stop collecting metrics
[2024-12-24T08:20:23.051+0000] {taskinstance.py:3895} INFO - 0 downstream tasks scheduled from follow-on schedule check
[2024-12-24T08:20:23.192+0000] {local_task_job_runner.py:245} INFO - ::endgroup::
