[2024-12-24T08:28:35.151+0000] {local_task_job_runner.py:123} INFO - ::group::Pre task execution logs
[2024-12-24T08:28:35.241+0000] {taskinstance.py:2613} INFO - Dependencies all met for dep_context=non-requeueable deps ti=<TaskInstance: my_dag.accurate scheduled__2024-12-24T08:26:00+00:00 [queued]>
[2024-12-24T08:28:35.302+0000] {taskinstance.py:2613} INFO - Dependencies all met for dep_context=requeueable deps ti=<TaskInstance: my_dag.accurate scheduled__2024-12-24T08:26:00+00:00 [queued]>
[2024-12-24T08:28:35.314+0000] {taskinstance.py:2866} INFO - Starting attempt 1 of 1
[2024-12-24T08:28:35.523+0000] {taskinstance.py:2889} INFO - Executing <Task(BashOperator): accurate> on 2024-12-24 08:26:00+00:00
[2024-12-24T08:28:35.539+0000] {warnings.py:112} WARNING - /home/***/.local/lib/python3.12/site-packages/***/task/task_runner/standard_task_runner.py:70: DeprecationWarning: This process (pid=1326) is multi-threaded, use of fork() may lead to deadlocks in the child.
  pid = os.fork()

[2024-12-24T08:28:35.543+0000] {standard_task_runner.py:72} INFO - Started process 1328 to run task
[2024-12-24T08:28:35.545+0000] {standard_task_runner.py:104} INFO - Running: ['***', 'tasks', 'run', 'my_dag', 'accurate', 'scheduled__2024-12-24T08:26:00+00:00', '--job-id', '65', '--raw', '--subdir', 'DAGS_FOLDER/my_dag.py', '--cfg-path', '/tmp/tmp2o8up0dm']
[2024-12-24T08:28:35.551+0000] {standard_task_runner.py:105} INFO - Job 65: Subtask accurate
[2024-12-24T08:28:35.916+0000] {task_command.py:467} INFO - Running <TaskInstance: my_dag.accurate scheduled__2024-12-24T08:26:00+00:00 [running]> on host d2f0fcf0f48d
[2024-12-24T08:28:37.835+0000] {taskinstance.py:3132} INFO - Exporting env vars: AIRFLOW_CTX_DAG_OWNER='***' AIRFLOW_CTX_DAG_ID='my_dag' AIRFLOW_CTX_TASK_ID='accurate' AIRFLOW_CTX_EXECUTION_DATE='2024-12-24T08:26:00+00:00' AIRFLOW_CTX_TRY_NUMBER='1' AIRFLOW_CTX_DAG_RUN_ID='scheduled__2024-12-24T08:26:00+00:00'
[2024-12-24T08:28:37.842+0000] {logging_mixin.py:190} INFO - Task instance is in running state
[2024-12-24T08:28:37.845+0000] {logging_mixin.py:190} INFO -  Previous state of the Task instance: queued
[2024-12-24T08:28:37.846+0000] {logging_mixin.py:190} INFO - Current task name:accurate state:running start_date:2024-12-24 08:28:35.242925+00:00
[2024-12-24T08:28:37.848+0000] {logging_mixin.py:190} INFO - Dag name:my_dag and current dag run status:running
[2024-12-24T08:28:37.849+0000] {taskinstance.py:731} INFO - ::endgroup::
[2024-12-24T08:28:37.851+0000] {subprocess.py:78} INFO - Tmp dir root location: /tmp
[2024-12-24T08:28:37.860+0000] {subprocess.py:88} INFO - Running command: ['/usr/bin/bash', '-c', "echo 'accurate'"]
[2024-12-24T08:28:37.890+0000] {subprocess.py:99} INFO - Output:
[2024-12-24T08:28:37.898+0000] {subprocess.py:106} INFO - accurate
[2024-12-24T08:28:37.899+0000] {subprocess.py:110} INFO - Command exited with return code 0
[2024-12-24T08:28:38.023+0000] {taskinstance.py:340} INFO - ::group::Post task execution logs
[2024-12-24T08:28:38.025+0000] {taskinstance.py:352} INFO - Marking task as SUCCESS. dag_id=my_dag, task_id=accurate, run_id=scheduled__2024-12-24T08:26:00+00:00, execution_date=20241224T082600, start_date=20241224T082835, end_date=20241224T082838
[2024-12-24T08:28:38.081+0000] {logging_mixin.py:190} INFO - Task instance in success state
[2024-12-24T08:28:38.083+0000] {logging_mixin.py:190} INFO -  Previous state of the Task instance: running
[2024-12-24T08:28:38.086+0000] {logging_mixin.py:190} INFO - Dag name:my_dag queued_at:2024-12-24 08:28:00.244519+00:00
[2024-12-24T08:28:38.087+0000] {logging_mixin.py:190} INFO - Task hostname:d2f0fcf0f48d operator:BashOperator
[2024-12-24T08:28:38.123+0000] {local_task_job_runner.py:266} INFO - Task exited with return code 0
[2024-12-24T08:28:38.164+0000] {taskinstance.py:3895} INFO - 0 downstream tasks scheduled from follow-on schedule check
[2024-12-24T08:28:38.196+0000] {local_task_job_runner.py:245} INFO - ::endgroup::
