[2024-12-24T08:26:25.687+0000] {local_task_job_runner.py:123} INFO - ::group::Pre task execution logs
[2024-12-24T08:26:25.765+0000] {taskinstance.py:2613} INFO - Dependencies all met for dep_context=non-requeueable deps ti=<TaskInstance: my_dag.choose_best_model scheduled__2024-12-24T08:24:00+00:00 [queued]>
[2024-12-24T08:26:25.815+0000] {taskinstance.py:2613} INFO - Dependencies all met for dep_context=requeueable deps ti=<TaskInstance: my_dag.choose_best_model scheduled__2024-12-24T08:24:00+00:00 [queued]>
[2024-12-24T08:26:25.817+0000] {taskinstance.py:2866} INFO - Starting attempt 1 of 1
[2024-12-24T08:26:26.011+0000] {taskinstance.py:2889} INFO - Executing <Task(BranchPythonOperator): choose_best_model> on 2024-12-24 08:24:00+00:00
[2024-12-24T08:26:26.123+0000] {warnings.py:112} WARNING - /home/***/.local/lib/python3.12/site-packages/***/task/task_runner/standard_task_runner.py:70: DeprecationWarning: This process (pid=1273) is multi-threaded, use of fork() may lead to deadlocks in the child.
  pid = os.fork()

[2024-12-24T08:26:26.167+0000] {standard_task_runner.py:72} INFO - Started process 1275 to run task
[2024-12-24T08:26:26.140+0000] {standard_task_runner.py:104} INFO - Running: ['***', 'tasks', 'run', 'my_dag', 'choose_best_model', 'scheduled__2024-12-24T08:24:00+00:00', '--job-id', '59', '--raw', '--subdir', 'DAGS_FOLDER/my_dag.py', '--cfg-path', '/tmp/tmp5an1kae0']
[2024-12-24T08:26:26.203+0000] {standard_task_runner.py:105} INFO - Job 59: Subtask choose_best_model
[2024-12-24T08:26:26.983+0000] {task_command.py:467} INFO - Running <TaskInstance: my_dag.choose_best_model scheduled__2024-12-24T08:24:00+00:00 [running]> on host d2f0fcf0f48d
[2024-12-24T08:26:30.464+0000] {taskinstance.py:3132} INFO - Exporting env vars: AIRFLOW_CTX_DAG_OWNER='***' AIRFLOW_CTX_DAG_ID='my_dag' AIRFLOW_CTX_TASK_ID='choose_best_model' AIRFLOW_CTX_EXECUTION_DATE='2024-12-24T08:24:00+00:00' AIRFLOW_CTX_TRY_NUMBER='1' AIRFLOW_CTX_DAG_RUN_ID='scheduled__2024-12-24T08:24:00+00:00'
[2024-12-24T08:26:30.473+0000] {logging_mixin.py:190} INFO - Task instance is in running state
[2024-12-24T08:26:30.475+0000] {logging_mixin.py:190} INFO -  Previous state of the Task instance: queued
[2024-12-24T08:26:30.478+0000] {logging_mixin.py:190} INFO - Current task name:choose_best_model state:running start_date:2024-12-24 08:26:25.766655+00:00
[2024-12-24T08:26:30.480+0000] {logging_mixin.py:190} INFO - Dag name:my_dag and current dag run status:running
[2024-12-24T08:26:30.487+0000] {taskinstance.py:731} INFO - ::endgroup::
[2024-12-24T08:26:30.489+0000] {baseoperator.py:421} WARNING - BranchPythonOperator.execute cannot be called outside TaskInstance!
[2024-12-24T08:26:30.529+0000] {python.py:240} INFO - Done. Returned value was: accurate
[2024-12-24T08:26:30.538+0000] {branch.py:38} INFO - Branch into accurate
[2024-12-24T08:26:30.547+0000] {skipmixin.py:230} INFO - Following branch ('accurate',)
[2024-12-24T08:26:30.621+0000] {skipmixin.py:278} INFO - Skipping tasks [('inaccurate', -1)]
[2024-12-24T08:26:30.861+0000] {taskinstance.py:340} INFO - ::group::Post task execution logs
[2024-12-24T08:26:30.863+0000] {taskinstance.py:352} INFO - Marking task as SUCCESS. dag_id=my_dag, task_id=choose_best_model, run_id=scheduled__2024-12-24T08:24:00+00:00, execution_date=20241224T082400, start_date=20241224T082625, end_date=20241224T082630
[2024-12-24T08:26:30.944+0000] {logging_mixin.py:190} INFO - Task instance in success state
[2024-12-24T08:26:30.956+0000] {logging_mixin.py:190} INFO -  Previous state of the Task instance: running
[2024-12-24T08:26:30.966+0000] {logging_mixin.py:190} INFO - Dag name:my_dag queued_at:2024-12-24 08:26:01.703293+00:00
[2024-12-24T08:26:30.969+0000] {logging_mixin.py:190} INFO - Task hostname:d2f0fcf0f48d operator:BranchPythonOperator
[2024-12-24T08:26:31.046+0000] {local_task_job_runner.py:266} INFO - Task exited with return code 0
[2024-12-24T08:26:31.706+0000] {standard_task_runner.py:217} INFO - Process not found (most likely exited), stop collecting metrics
[2024-12-24T08:26:31.722+0000] {taskinstance.py:3895} INFO - 1 downstream tasks scheduled from follow-on schedule check
[2024-12-24T08:26:31.785+0000] {local_task_job_runner.py:245} INFO - ::endgroup::
