[2024-12-24T08:15:48.520+0000] {local_task_job_runner.py:123} INFO - ::group::Pre task execution logs
[2024-12-24T08:15:48.582+0000] {taskinstance.py:2613} INFO - Dependencies all met for dep_context=non-requeueable deps ti=<TaskInstance: my_dag.accurate scheduled__2024-12-24T08:08:00+00:00 [queued]>
[2024-12-24T08:15:48.608+0000] {taskinstance.py:2613} INFO - Dependencies all met for dep_context=requeueable deps ti=<TaskInstance: my_dag.accurate scheduled__2024-12-24T08:08:00+00:00 [queued]>
[2024-12-24T08:15:48.610+0000] {taskinstance.py:2866} INFO - Starting attempt 1 of 1
[2024-12-24T08:15:49.816+0000] {taskinstance.py:2889} INFO - Executing <Task(BashOperator): accurate> on 2024-12-24 08:08:00+00:00
[2024-12-24T08:15:49.861+0000] {warnings.py:112} WARNING - /home/***/.local/lib/python3.12/site-packages/***/task/task_runner/standard_task_runner.py:70: DeprecationWarning: This process (pid=1014) is multi-threaded, use of fork() may lead to deadlocks in the child.
  pid = os.fork()

[2024-12-24T08:15:49.866+0000] {standard_task_runner.py:72} INFO - Started process 1016 to run task
[2024-12-24T08:15:49.867+0000] {standard_task_runner.py:104} INFO - Running: ['***', 'tasks', 'run', 'my_dag', 'accurate', 'scheduled__2024-12-24T08:08:00+00:00', '--job-id', '22', '--raw', '--subdir', 'DAGS_FOLDER/my_dag.py', '--cfg-path', '/tmp/tmpq8rh1u0g']
[2024-12-24T08:15:49.872+0000] {standard_task_runner.py:105} INFO - Job 22: Subtask accurate
[2024-12-24T08:15:50.190+0000] {task_command.py:467} INFO - Running <TaskInstance: my_dag.accurate scheduled__2024-12-24T08:08:00+00:00 [running]> on host d2f0fcf0f48d
[2024-12-24T08:15:51.153+0000] {taskinstance.py:3132} INFO - Exporting env vars: AIRFLOW_CTX_DAG_OWNER='***' AIRFLOW_CTX_DAG_ID='my_dag' AIRFLOW_CTX_TASK_ID='accurate' AIRFLOW_CTX_EXECUTION_DATE='2024-12-24T08:08:00+00:00' AIRFLOW_CTX_TRY_NUMBER='1' AIRFLOW_CTX_DAG_RUN_ID='scheduled__2024-12-24T08:08:00+00:00'
[2024-12-24T08:15:51.161+0000] {logging_mixin.py:190} INFO - Task instance is in running state
[2024-12-24T08:15:51.162+0000] {logging_mixin.py:190} INFO -  Previous state of the Task instance: queued
[2024-12-24T08:15:51.165+0000] {logging_mixin.py:190} INFO - Current task name:accurate state:running start_date:2024-12-24 08:15:48.583939+00:00
[2024-12-24T08:15:51.166+0000] {logging_mixin.py:190} INFO - Dag name:my_dag and current dag run status:running
[2024-12-24T08:15:51.168+0000] {taskinstance.py:731} INFO - ::endgroup::
[2024-12-24T08:15:51.210+0000] {subprocess.py:78} INFO - Tmp dir root location: /tmp
[2024-12-24T08:15:51.292+0000] {subprocess.py:88} INFO - Running command: ['/usr/bin/bash', '-c', "echo 'accurate'"]
[2024-12-24T08:15:51.383+0000] {subprocess.py:99} INFO - Output:
[2024-12-24T08:15:51.809+0000] {subprocess.py:106} INFO - accurate
[2024-12-24T08:15:51.811+0000] {subprocess.py:110} INFO - Command exited with return code 0
[2024-12-24T08:15:52.014+0000] {taskinstance.py:340} INFO - ::group::Post task execution logs
[2024-12-24T08:15:52.016+0000] {taskinstance.py:352} INFO - Marking task as SUCCESS. dag_id=my_dag, task_id=accurate, run_id=scheduled__2024-12-24T08:08:00+00:00, execution_date=20241224T080800, start_date=20241224T081548, end_date=20241224T081552
[2024-12-24T08:15:52.158+0000] {logging_mixin.py:190} INFO - Task instance in success state
[2024-12-24T08:15:52.159+0000] {logging_mixin.py:190} INFO -  Previous state of the Task instance: running
[2024-12-24T08:15:52.160+0000] {logging_mixin.py:190} INFO - Dag name:my_dag queued_at:2024-12-24 08:11:31.658451+00:00
[2024-12-24T08:15:52.161+0000] {logging_mixin.py:190} INFO - Task hostname:d2f0fcf0f48d operator:BashOperator
[2024-12-24T08:15:52.222+0000] {local_task_job_runner.py:266} INFO - Task exited with return code 0
[2024-12-24T08:15:52.267+0000] {taskinstance.py:3895} INFO - 0 downstream tasks scheduled from follow-on schedule check
[2024-12-24T08:15:52.469+0000] {local_task_job_runner.py:245} INFO - ::endgroup::
