[2024-12-24T08:16:43.660+0000] {local_task_job_runner.py:123} INFO - ::group::Pre task execution logs
[2024-12-24T08:16:43.776+0000] {taskinstance.py:2613} INFO - Dependencies all met for dep_context=non-requeueable deps ti=<TaskInstance: my_dag.training_model_B scheduled__2024-12-24T08:10:00+00:00 [queued]>
[2024-12-24T08:16:43.827+0000] {taskinstance.py:2613} INFO - Dependencies all met for dep_context=requeueable deps ti=<TaskInstance: my_dag.training_model_B scheduled__2024-12-24T08:10:00+00:00 [queued]>
[2024-12-24T08:16:43.830+0000] {taskinstance.py:2866} INFO - Starting attempt 1 of 1
[2024-12-24T08:16:44.043+0000] {taskinstance.py:2889} INFO - Executing <Task(PythonOperator): training_model_B> on 2024-12-24 08:10:00+00:00
[2024-12-24T08:16:44.078+0000] {warnings.py:112} WARNING - /home/***/.local/lib/python3.12/site-packages/***/task/task_runner/standard_task_runner.py:70: DeprecationWarning: This process (pid=963) is multi-threaded, use of fork() may lead to deadlocks in the child.
  pid = os.fork()

[2024-12-24T08:16:44.084+0000] {standard_task_runner.py:72} INFO - Started process 1046 to run task
[2024-12-24T08:16:44.086+0000] {standard_task_runner.py:104} INFO - Running: ['***', 'tasks', 'run', 'my_dag', 'training_model_B', 'scheduled__2024-12-24T08:10:00+00:00', '--job-id', '26', '--raw', '--subdir', 'DAGS_FOLDER/my_dag.py', '--cfg-path', '/tmp/tmpoihsbi4m']
[2024-12-24T08:16:44.095+0000] {standard_task_runner.py:105} INFO - Job 26: Subtask training_model_B
[2024-12-24T08:16:45.676+0000] {task_command.py:467} INFO - Running <TaskInstance: my_dag.training_model_B scheduled__2024-12-24T08:10:00+00:00 [running]> on host d2f0fcf0f48d
[2024-12-24T08:16:46.361+0000] {taskinstance.py:3132} INFO - Exporting env vars: AIRFLOW_CTX_DAG_OWNER='***' AIRFLOW_CTX_DAG_ID='my_dag' AIRFLOW_CTX_TASK_ID='training_model_B' AIRFLOW_CTX_EXECUTION_DATE='2024-12-24T08:10:00+00:00' AIRFLOW_CTX_TRY_NUMBER='1' AIRFLOW_CTX_DAG_RUN_ID='scheduled__2024-12-24T08:10:00+00:00'
[2024-12-24T08:16:46.366+0000] {logging_mixin.py:190} INFO - Task instance is in running state
[2024-12-24T08:16:46.378+0000] {logging_mixin.py:190} INFO -  Previous state of the Task instance: queued
[2024-12-24T08:16:46.386+0000] {logging_mixin.py:190} INFO - Current task name:training_model_B state:running start_date:2024-12-24 08:16:43.777494+00:00
[2024-12-24T08:16:46.388+0000] {logging_mixin.py:190} INFO - Dag name:my_dag and current dag run status:running
[2024-12-24T08:16:46.394+0000] {taskinstance.py:731} INFO - ::endgroup::
[2024-12-24T08:16:46.397+0000] {python.py:240} INFO - Done. Returned value was: 6
[2024-12-24T08:16:46.610+0000] {taskinstance.py:340} INFO - ::group::Post task execution logs
[2024-12-24T08:16:46.612+0000] {taskinstance.py:352} INFO - Marking task as SUCCESS. dag_id=my_dag, task_id=training_model_B, run_id=scheduled__2024-12-24T08:10:00+00:00, execution_date=20241224T081000, start_date=20241224T081643, end_date=20241224T081646
[2024-12-24T08:16:46.757+0000] {logging_mixin.py:190} INFO - Task instance in success state
[2024-12-24T08:16:46.762+0000] {logging_mixin.py:190} INFO -  Previous state of the Task instance: running
[2024-12-24T08:16:46.775+0000] {logging_mixin.py:190} INFO - Dag name:my_dag queued_at:2024-12-24 08:12:00.845873+00:00
[2024-12-24T08:16:46.776+0000] {logging_mixin.py:190} INFO - Task hostname:d2f0fcf0f48d operator:PythonOperator
[2024-12-24T08:16:46.875+0000] {local_task_job_runner.py:266} INFO - Task exited with return code 0
[2024-12-24T08:16:46.912+0000] {local_task_job_runner.py:245} INFO - ::endgroup::
