[2024-12-17T11:14:02.139+0000] {processor.py:186} INFO - Started process (PID=95) to work on /home/airflow/.local/lib/python3.12/site-packages/airflow/example_dags/example_datasets.py
[2024-12-17T11:14:02.142+0000] {processor.py:914} INFO - Processing file /home/airflow/.local/lib/python3.12/site-packages/airflow/example_dags/example_datasets.py for tasks to queue
[2024-12-17T11:14:02.149+0000] {logging_mixin.py:190} INFO - [2024-12-17T11:14:02.148+0000] {dagbag.py:588} INFO - Filling up the DagBag from /home/airflow/.local/lib/python3.12/site-packages/airflow/example_dags/example_datasets.py
[2024-12-17T11:14:03.991+0000] {processor.py:925} INFO - DAG(s) 'consume_1_and_2_with_dataset_expressions', 'consume_1_or_2_with_dataset_expressions', 'dataset_consumes_unknown_never_scheduled', 'dataset_consumes_1_and_2', 'dataset_produces_1', 'dataset_consumes_1_never_scheduled', 'conditional_dataset_and_time_based_timetable', 'dataset_produces_2', 'consume_1_or_both_2_and_3_with_dataset_expressions', 'dataset_consumes_1' retrieved from /home/airflow/.local/lib/python3.12/site-packages/airflow/example_dags/example_datasets.py
[2024-12-17T11:14:04.189+0000] {logging_mixin.py:190} INFO - [2024-12-17T11:14:04.188+0000] {dag.py:3239} INFO - Sync 10 DAGs
[2024-12-17T11:14:04.353+0000] {logging_mixin.py:190} INFO - [2024-12-17T11:14:04.352+0000] {dag.py:4180} INFO - Setting next_dagrun for conditional_dataset_and_time_based_timetable to 2024-12-11 01:00:00+00:00, run_after=2024-12-11 01:00:00+00:00
[2024-12-17T11:14:04.402+0000] {logging_mixin.py:190} INFO - [2024-12-17T11:14:04.402+0000] {dag.py:4180} INFO - Setting next_dagrun for consume_1_and_2_with_dataset_expressions to None, run_after=None
[2024-12-17T11:14:04.406+0000] {logging_mixin.py:190} INFO - [2024-12-17T11:14:04.406+0000] {dag.py:4180} INFO - Setting next_dagrun for consume_1_or_2_with_dataset_expressions to None, run_after=None
[2024-12-17T11:14:04.414+0000] {logging_mixin.py:190} INFO - [2024-12-17T11:14:04.413+0000] {dag.py:4180} INFO - Setting next_dagrun for consume_1_or_both_2_and_3_with_dataset_expressions to None, run_after=None
[2024-12-17T11:14:04.439+0000] {logging_mixin.py:190} INFO - [2024-12-17T11:14:04.438+0000] {dag.py:4180} INFO - Setting next_dagrun for dataset_consumes_1 to None, run_after=None
[2024-12-17T11:14:04.444+0000] {logging_mixin.py:190} INFO - [2024-12-17T11:14:04.444+0000] {dag.py:4180} INFO - Setting next_dagrun for dataset_consumes_1_and_2 to None, run_after=None
[2024-12-17T11:14:04.462+0000] {logging_mixin.py:190} INFO - [2024-12-17T11:14:04.462+0000] {dag.py:4180} INFO - Setting next_dagrun for dataset_consumes_1_never_scheduled to None, run_after=None
[2024-12-17T11:14:04.471+0000] {logging_mixin.py:190} INFO - [2024-12-17T11:14:04.471+0000] {dag.py:4180} INFO - Setting next_dagrun for dataset_consumes_unknown_never_scheduled to None, run_after=None
[2024-12-17T11:14:04.481+0000] {logging_mixin.py:190} INFO - [2024-12-17T11:14:04.480+0000] {dag.py:4180} INFO - Setting next_dagrun for dataset_produces_1 to 2024-12-16 00:00:00+00:00, run_after=2024-12-17 00:00:00+00:00
[2024-12-17T11:14:04.489+0000] {logging_mixin.py:190} INFO - [2024-12-17T11:14:04.488+0000] {dag.py:4180} INFO - Setting next_dagrun for dataset_produces_2 to None, run_after=None
[2024-12-17T11:14:04.714+0000] {processor.py:208} INFO - Processing /home/airflow/.local/lib/python3.12/site-packages/airflow/example_dags/example_datasets.py took 2.591 seconds
[2024-12-17T11:14:35.469+0000] {processor.py:186} INFO - Started process (PID=158) to work on /home/airflow/.local/lib/python3.12/site-packages/airflow/example_dags/example_datasets.py
[2024-12-17T11:14:35.471+0000] {processor.py:914} INFO - Processing file /home/airflow/.local/lib/python3.12/site-packages/airflow/example_dags/example_datasets.py for tasks to queue
[2024-12-17T11:14:35.477+0000] {logging_mixin.py:190} INFO - [2024-12-17T11:14:35.476+0000] {dagbag.py:588} INFO - Filling up the DagBag from /home/airflow/.local/lib/python3.12/site-packages/airflow/example_dags/example_datasets.py
[2024-12-17T11:14:37.472+0000] {processor.py:925} INFO - DAG(s) 'dataset_produces_2', 'consume_1_or_both_2_and_3_with_dataset_expressions', 'dataset_consumes_1_and_2', 'dataset_produces_1', 'dataset_consumes_unknown_never_scheduled', 'dataset_consumes_1_never_scheduled', 'consume_1_or_2_with_dataset_expressions', 'conditional_dataset_and_time_based_timetable', 'dataset_consumes_1', 'consume_1_and_2_with_dataset_expressions' retrieved from /home/airflow/.local/lib/python3.12/site-packages/airflow/example_dags/example_datasets.py
[2024-12-17T11:14:37.633+0000] {logging_mixin.py:190} INFO - [2024-12-17T11:14:37.632+0000] {dag.py:3239} INFO - Sync 10 DAGs
[2024-12-17T11:14:37.718+0000] {logging_mixin.py:190} INFO - [2024-12-17T11:14:37.718+0000] {dag.py:4180} INFO - Setting next_dagrun for conditional_dataset_and_time_based_timetable to 2024-12-11 01:00:00+00:00, run_after=2024-12-11 01:00:00+00:00
[2024-12-17T11:14:37.729+0000] {logging_mixin.py:190} INFO - [2024-12-17T11:14:37.728+0000] {dag.py:4180} INFO - Setting next_dagrun for consume_1_and_2_with_dataset_expressions to None, run_after=None
[2024-12-17T11:14:37.732+0000] {logging_mixin.py:190} INFO - [2024-12-17T11:14:37.732+0000] {dag.py:4180} INFO - Setting next_dagrun for consume_1_or_2_with_dataset_expressions to None, run_after=None
[2024-12-17T11:14:37.736+0000] {logging_mixin.py:190} INFO - [2024-12-17T11:14:37.736+0000] {dag.py:4180} INFO - Setting next_dagrun for consume_1_or_both_2_and_3_with_dataset_expressions to None, run_after=None
[2024-12-17T11:14:37.740+0000] {logging_mixin.py:190} INFO - [2024-12-17T11:14:37.740+0000] {dag.py:4180} INFO - Setting next_dagrun for dataset_consumes_1 to None, run_after=None
[2024-12-17T11:14:37.745+0000] {logging_mixin.py:190} INFO - [2024-12-17T11:14:37.744+0000] {dag.py:4180} INFO - Setting next_dagrun for dataset_consumes_1_and_2 to None, run_after=None
[2024-12-17T11:14:37.749+0000] {logging_mixin.py:190} INFO - [2024-12-17T11:14:37.748+0000] {dag.py:4180} INFO - Setting next_dagrun for dataset_consumes_1_never_scheduled to None, run_after=None
[2024-12-17T11:14:37.753+0000] {logging_mixin.py:190} INFO - [2024-12-17T11:14:37.753+0000] {dag.py:4180} INFO - Setting next_dagrun for dataset_consumes_unknown_never_scheduled to None, run_after=None
[2024-12-17T11:14:37.762+0000] {logging_mixin.py:190} INFO - [2024-12-17T11:14:37.761+0000] {dag.py:4180} INFO - Setting next_dagrun for dataset_produces_1 to 2024-12-16 00:00:00+00:00, run_after=2024-12-17 00:00:00+00:00
[2024-12-17T11:14:37.766+0000] {logging_mixin.py:190} INFO - [2024-12-17T11:14:37.765+0000] {dag.py:4180} INFO - Setting next_dagrun for dataset_produces_2 to None, run_after=None
[2024-12-17T11:14:37.989+0000] {processor.py:208} INFO - Processing /home/airflow/.local/lib/python3.12/site-packages/airflow/example_dags/example_datasets.py took 2.535 seconds
[2024-12-17T11:15:08.616+0000] {processor.py:186} INFO - Started process (PID=222) to work on /home/airflow/.local/lib/python3.12/site-packages/airflow/example_dags/example_datasets.py
[2024-12-17T11:15:08.618+0000] {processor.py:914} INFO - Processing file /home/airflow/.local/lib/python3.12/site-packages/airflow/example_dags/example_datasets.py for tasks to queue
[2024-12-17T11:15:08.625+0000] {logging_mixin.py:190} INFO - [2024-12-17T11:15:08.624+0000] {dagbag.py:588} INFO - Filling up the DagBag from /home/airflow/.local/lib/python3.12/site-packages/airflow/example_dags/example_datasets.py
[2024-12-17T11:15:10.853+0000] {processor.py:925} INFO - DAG(s) 'dataset_consumes_1', 'dataset_consumes_1_and_2', 'dataset_consumes_unknown_never_scheduled', 'consume_1_and_2_with_dataset_expressions', 'dataset_produces_2', 'consume_1_or_both_2_and_3_with_dataset_expressions', 'conditional_dataset_and_time_based_timetable', 'dataset_consumes_1_never_scheduled', 'dataset_produces_1', 'consume_1_or_2_with_dataset_expressions' retrieved from /home/airflow/.local/lib/python3.12/site-packages/airflow/example_dags/example_datasets.py
[2024-12-17T11:15:11.156+0000] {logging_mixin.py:190} INFO - [2024-12-17T11:15:11.155+0000] {dag.py:3239} INFO - Sync 10 DAGs
[2024-12-17T11:15:11.279+0000] {logging_mixin.py:190} INFO - [2024-12-17T11:15:11.278+0000] {dag.py:4180} INFO - Setting next_dagrun for conditional_dataset_and_time_based_timetable to 2024-12-11 01:00:00+00:00, run_after=2024-12-11 01:00:00+00:00
[2024-12-17T11:15:11.295+0000] {logging_mixin.py:190} INFO - [2024-12-17T11:15:11.295+0000] {dag.py:4180} INFO - Setting next_dagrun for consume_1_and_2_with_dataset_expressions to None, run_after=None
[2024-12-17T11:15:11.301+0000] {logging_mixin.py:190} INFO - [2024-12-17T11:15:11.301+0000] {dag.py:4180} INFO - Setting next_dagrun for consume_1_or_2_with_dataset_expressions to None, run_after=None
[2024-12-17T11:15:11.314+0000] {logging_mixin.py:190} INFO - [2024-12-17T11:15:11.313+0000] {dag.py:4180} INFO - Setting next_dagrun for consume_1_or_both_2_and_3_with_dataset_expressions to None, run_after=None
[2024-12-17T11:15:11.318+0000] {logging_mixin.py:190} INFO - [2024-12-17T11:15:11.318+0000] {dag.py:4180} INFO - Setting next_dagrun for dataset_consumes_1 to None, run_after=None
[2024-12-17T11:15:11.325+0000] {logging_mixin.py:190} INFO - [2024-12-17T11:15:11.325+0000] {dag.py:4180} INFO - Setting next_dagrun for dataset_consumes_1_and_2 to None, run_after=None
[2024-12-17T11:15:11.329+0000] {logging_mixin.py:190} INFO - [2024-12-17T11:15:11.329+0000] {dag.py:4180} INFO - Setting next_dagrun for dataset_consumes_1_never_scheduled to None, run_after=None
[2024-12-17T11:15:11.333+0000] {logging_mixin.py:190} INFO - [2024-12-17T11:15:11.333+0000] {dag.py:4180} INFO - Setting next_dagrun for dataset_consumes_unknown_never_scheduled to None, run_after=None
[2024-12-17T11:15:11.341+0000] {logging_mixin.py:190} INFO - [2024-12-17T11:15:11.341+0000] {dag.py:4180} INFO - Setting next_dagrun for dataset_produces_1 to 2024-12-16 00:00:00+00:00, run_after=2024-12-17 00:00:00+00:00
[2024-12-17T11:15:11.345+0000] {logging_mixin.py:190} INFO - [2024-12-17T11:15:11.345+0000] {dag.py:4180} INFO - Setting next_dagrun for dataset_produces_2 to None, run_after=None
[2024-12-17T11:15:11.547+0000] {processor.py:208} INFO - Processing /home/airflow/.local/lib/python3.12/site-packages/airflow/example_dags/example_datasets.py took 2.958 seconds
[2024-12-17T11:15:41.730+0000] {processor.py:186} INFO - Started process (PID=285) to work on /home/airflow/.local/lib/python3.12/site-packages/airflow/example_dags/example_datasets.py
[2024-12-17T11:15:41.732+0000] {processor.py:914} INFO - Processing file /home/airflow/.local/lib/python3.12/site-packages/airflow/example_dags/example_datasets.py for tasks to queue
[2024-12-17T11:15:41.736+0000] {logging_mixin.py:190} INFO - [2024-12-17T11:15:41.736+0000] {dagbag.py:588} INFO - Filling up the DagBag from /home/airflow/.local/lib/python3.12/site-packages/airflow/example_dags/example_datasets.py
[2024-12-17T11:15:43.037+0000] {processor.py:925} INFO - DAG(s) 'dataset_produces_1', 'dataset_consumes_1_never_scheduled', 'dataset_consumes_unknown_never_scheduled', 'dataset_consumes_1_and_2', 'conditional_dataset_and_time_based_timetable', 'consume_1_and_2_with_dataset_expressions', 'consume_1_or_both_2_and_3_with_dataset_expressions', 'consume_1_or_2_with_dataset_expressions', 'dataset_produces_2', 'dataset_consumes_1' retrieved from /home/airflow/.local/lib/python3.12/site-packages/airflow/example_dags/example_datasets.py
[2024-12-17T11:15:43.152+0000] {logging_mixin.py:190} INFO - [2024-12-17T11:15:43.152+0000] {dag.py:3239} INFO - Sync 10 DAGs
[2024-12-17T11:15:43.234+0000] {logging_mixin.py:190} INFO - [2024-12-17T11:15:43.234+0000] {dag.py:4180} INFO - Setting next_dagrun for conditional_dataset_and_time_based_timetable to 2024-12-11 01:00:00+00:00, run_after=2024-12-11 01:00:00+00:00
[2024-12-17T11:15:43.241+0000] {logging_mixin.py:190} INFO - [2024-12-17T11:15:43.241+0000] {dag.py:4180} INFO - Setting next_dagrun for consume_1_and_2_with_dataset_expressions to None, run_after=None
[2024-12-17T11:15:43.246+0000] {logging_mixin.py:190} INFO - [2024-12-17T11:15:43.246+0000] {dag.py:4180} INFO - Setting next_dagrun for consume_1_or_2_with_dataset_expressions to None, run_after=None
[2024-12-17T11:15:43.250+0000] {logging_mixin.py:190} INFO - [2024-12-17T11:15:43.250+0000] {dag.py:4180} INFO - Setting next_dagrun for consume_1_or_both_2_and_3_with_dataset_expressions to None, run_after=None
[2024-12-17T11:15:43.254+0000] {logging_mixin.py:190} INFO - [2024-12-17T11:15:43.254+0000] {dag.py:4180} INFO - Setting next_dagrun for dataset_consumes_1 to None, run_after=None
[2024-12-17T11:15:43.259+0000] {logging_mixin.py:190} INFO - [2024-12-17T11:15:43.258+0000] {dag.py:4180} INFO - Setting next_dagrun for dataset_consumes_1_and_2 to None, run_after=None
[2024-12-17T11:15:43.263+0000] {logging_mixin.py:190} INFO - [2024-12-17T11:15:43.263+0000] {dag.py:4180} INFO - Setting next_dagrun for dataset_consumes_1_never_scheduled to None, run_after=None
[2024-12-17T11:15:43.267+0000] {logging_mixin.py:190} INFO - [2024-12-17T11:15:43.267+0000] {dag.py:4180} INFO - Setting next_dagrun for dataset_consumes_unknown_never_scheduled to None, run_after=None
[2024-12-17T11:15:43.273+0000] {logging_mixin.py:190} INFO - [2024-12-17T11:15:43.272+0000] {dag.py:4180} INFO - Setting next_dagrun for dataset_produces_1 to 2024-12-16 00:00:00+00:00, run_after=2024-12-17 00:00:00+00:00
[2024-12-17T11:15:43.276+0000] {logging_mixin.py:190} INFO - [2024-12-17T11:15:43.276+0000] {dag.py:4180} INFO - Setting next_dagrun for dataset_produces_2 to None, run_after=None
[2024-12-17T11:15:43.428+0000] {processor.py:208} INFO - Processing /home/airflow/.local/lib/python3.12/site-packages/airflow/example_dags/example_datasets.py took 1.725 seconds
[2024-12-17T11:16:14.142+0000] {processor.py:186} INFO - Started process (PID=349) to work on /home/airflow/.local/lib/python3.12/site-packages/airflow/example_dags/example_datasets.py
[2024-12-17T11:16:14.144+0000] {processor.py:914} INFO - Processing file /home/airflow/.local/lib/python3.12/site-packages/airflow/example_dags/example_datasets.py for tasks to queue
[2024-12-17T11:16:14.150+0000] {logging_mixin.py:190} INFO - [2024-12-17T11:16:14.149+0000] {dagbag.py:588} INFO - Filling up the DagBag from /home/airflow/.local/lib/python3.12/site-packages/airflow/example_dags/example_datasets.py
[2024-12-17T11:16:15.829+0000] {processor.py:925} INFO - DAG(s) 'consume_1_or_2_with_dataset_expressions', 'consume_1_or_both_2_and_3_with_dataset_expressions', 'dataset_consumes_unknown_never_scheduled', 'conditional_dataset_and_time_based_timetable', 'dataset_consumes_1', 'dataset_consumes_1_and_2', 'consume_1_and_2_with_dataset_expressions', 'dataset_produces_2', 'dataset_produces_1', 'dataset_consumes_1_never_scheduled' retrieved from /home/airflow/.local/lib/python3.12/site-packages/airflow/example_dags/example_datasets.py
[2024-12-17T11:16:15.945+0000] {logging_mixin.py:190} INFO - [2024-12-17T11:16:15.945+0000] {dag.py:3239} INFO - Sync 10 DAGs
[2024-12-17T11:16:16.001+0000] {logging_mixin.py:190} INFO - [2024-12-17T11:16:16.001+0000] {dag.py:4180} INFO - Setting next_dagrun for conditional_dataset_and_time_based_timetable to 2024-12-11 01:00:00+00:00, run_after=2024-12-11 01:00:00+00:00
[2024-12-17T11:16:16.012+0000] {logging_mixin.py:190} INFO - [2024-12-17T11:16:16.011+0000] {dag.py:4180} INFO - Setting next_dagrun for consume_1_and_2_with_dataset_expressions to None, run_after=None
[2024-12-17T11:16:16.017+0000] {logging_mixin.py:190} INFO - [2024-12-17T11:16:16.016+0000] {dag.py:4180} INFO - Setting next_dagrun for consume_1_or_2_with_dataset_expressions to None, run_after=None
[2024-12-17T11:16:16.020+0000] {logging_mixin.py:190} INFO - [2024-12-17T11:16:16.019+0000] {dag.py:4180} INFO - Setting next_dagrun for consume_1_or_both_2_and_3_with_dataset_expressions to None, run_after=None
[2024-12-17T11:16:16.023+0000] {logging_mixin.py:190} INFO - [2024-12-17T11:16:16.023+0000] {dag.py:4180} INFO - Setting next_dagrun for dataset_consumes_1 to None, run_after=None
[2024-12-17T11:16:16.027+0000] {logging_mixin.py:190} INFO - [2024-12-17T11:16:16.027+0000] {dag.py:4180} INFO - Setting next_dagrun for dataset_consumes_1_and_2 to None, run_after=None
[2024-12-17T11:16:16.031+0000] {logging_mixin.py:190} INFO - [2024-12-17T11:16:16.030+0000] {dag.py:4180} INFO - Setting next_dagrun for dataset_consumes_1_never_scheduled to None, run_after=None
[2024-12-17T11:16:16.035+0000] {logging_mixin.py:190} INFO - [2024-12-17T11:16:16.034+0000] {dag.py:4180} INFO - Setting next_dagrun for dataset_consumes_unknown_never_scheduled to None, run_after=None
[2024-12-17T11:16:16.045+0000] {logging_mixin.py:190} INFO - [2024-12-17T11:16:16.045+0000] {dag.py:4180} INFO - Setting next_dagrun for dataset_produces_1 to 2024-12-16 00:00:00+00:00, run_after=2024-12-17 00:00:00+00:00
[2024-12-17T11:16:16.049+0000] {logging_mixin.py:190} INFO - [2024-12-17T11:16:16.048+0000] {dag.py:4180} INFO - Setting next_dagrun for dataset_produces_2 to None, run_after=None
[2024-12-17T11:16:16.172+0000] {processor.py:208} INFO - Processing /home/airflow/.local/lib/python3.12/site-packages/airflow/example_dags/example_datasets.py took 2.050 seconds
[2024-12-17T11:16:49.045+0000] {processor.py:186} INFO - Started process (PID=419) to work on /home/airflow/.local/lib/python3.12/site-packages/airflow/example_dags/example_datasets.py
[2024-12-17T11:16:49.048+0000] {processor.py:914} INFO - Processing file /home/airflow/.local/lib/python3.12/site-packages/airflow/example_dags/example_datasets.py for tasks to queue
[2024-12-17T11:16:49.054+0000] {logging_mixin.py:190} INFO - [2024-12-17T11:16:49.053+0000] {dagbag.py:588} INFO - Filling up the DagBag from /home/airflow/.local/lib/python3.12/site-packages/airflow/example_dags/example_datasets.py
[2024-12-17T11:16:50.495+0000] {processor.py:925} INFO - DAG(s) 'dataset_consumes_1', 'dataset_produces_1', 'dataset_consumes_unknown_never_scheduled', 'consume_1_or_both_2_and_3_with_dataset_expressions', 'dataset_consumes_1_never_scheduled', 'conditional_dataset_and_time_based_timetable', 'dataset_produces_2', 'dataset_consumes_1_and_2', 'consume_1_and_2_with_dataset_expressions', 'consume_1_or_2_with_dataset_expressions' retrieved from /home/airflow/.local/lib/python3.12/site-packages/airflow/example_dags/example_datasets.py
[2024-12-17T11:16:50.591+0000] {logging_mixin.py:190} INFO - [2024-12-17T11:16:50.591+0000] {dag.py:3239} INFO - Sync 10 DAGs
[2024-12-17T11:16:50.658+0000] {logging_mixin.py:190} INFO - [2024-12-17T11:16:50.658+0000] {dag.py:4180} INFO - Setting next_dagrun for conditional_dataset_and_time_based_timetable to 2024-12-11 01:00:00+00:00, run_after=2024-12-11 01:00:00+00:00
[2024-12-17T11:16:50.667+0000] {logging_mixin.py:190} INFO - [2024-12-17T11:16:50.667+0000] {dag.py:4180} INFO - Setting next_dagrun for consume_1_and_2_with_dataset_expressions to None, run_after=None
[2024-12-17T11:16:50.671+0000] {logging_mixin.py:190} INFO - [2024-12-17T11:16:50.671+0000] {dag.py:4180} INFO - Setting next_dagrun for consume_1_or_2_with_dataset_expressions to None, run_after=None
[2024-12-17T11:16:50.675+0000] {logging_mixin.py:190} INFO - [2024-12-17T11:16:50.674+0000] {dag.py:4180} INFO - Setting next_dagrun for consume_1_or_both_2_and_3_with_dataset_expressions to None, run_after=None
[2024-12-17T11:16:50.678+0000] {logging_mixin.py:190} INFO - [2024-12-17T11:16:50.678+0000] {dag.py:4180} INFO - Setting next_dagrun for dataset_consumes_1 to None, run_after=None
[2024-12-17T11:16:50.682+0000] {logging_mixin.py:190} INFO - [2024-12-17T11:16:50.681+0000] {dag.py:4180} INFO - Setting next_dagrun for dataset_consumes_1_and_2 to None, run_after=None
[2024-12-17T11:16:50.685+0000] {logging_mixin.py:190} INFO - [2024-12-17T11:16:50.684+0000] {dag.py:4180} INFO - Setting next_dagrun for dataset_consumes_1_never_scheduled to None, run_after=None
[2024-12-17T11:16:50.688+0000] {logging_mixin.py:190} INFO - [2024-12-17T11:16:50.688+0000] {dag.py:4180} INFO - Setting next_dagrun for dataset_consumes_unknown_never_scheduled to None, run_after=None
[2024-12-17T11:16:50.696+0000] {logging_mixin.py:190} INFO - [2024-12-17T11:16:50.695+0000] {dag.py:4180} INFO - Setting next_dagrun for dataset_produces_1 to 2024-12-16 00:00:00+00:00, run_after=2024-12-17 00:00:00+00:00
[2024-12-17T11:16:50.699+0000] {logging_mixin.py:190} INFO - [2024-12-17T11:16:50.699+0000] {dag.py:4180} INFO - Setting next_dagrun for dataset_produces_2 to None, run_after=None
[2024-12-17T11:16:50.813+0000] {processor.py:208} INFO - Processing /home/airflow/.local/lib/python3.12/site-packages/airflow/example_dags/example_datasets.py took 1.791 seconds
[2024-12-17T11:17:38.125+0000] {processor.py:186} INFO - Started process (PID=487) to work on /home/airflow/.local/lib/python3.12/site-packages/airflow/example_dags/example_datasets.py
[2024-12-17T11:17:38.127+0000] {processor.py:914} INFO - Processing file /home/airflow/.local/lib/python3.12/site-packages/airflow/example_dags/example_datasets.py for tasks to queue
[2024-12-17T11:17:38.134+0000] {logging_mixin.py:190} INFO - [2024-12-17T11:17:38.133+0000] {dagbag.py:588} INFO - Filling up the DagBag from /home/airflow/.local/lib/python3.12/site-packages/airflow/example_dags/example_datasets.py
[2024-12-17T11:17:39.995+0000] {processor.py:925} INFO - DAG(s) 'consume_1_or_both_2_and_3_with_dataset_expressions', 'dataset_consumes_1', 'dataset_produces_2', 'dataset_produces_1', 'dataset_consumes_1_and_2', 'consume_1_or_2_with_dataset_expressions', 'consume_1_and_2_with_dataset_expressions', 'dataset_consumes_unknown_never_scheduled', 'dataset_consumes_1_never_scheduled', 'conditional_dataset_and_time_based_timetable' retrieved from /home/airflow/.local/lib/python3.12/site-packages/airflow/example_dags/example_datasets.py
[2024-12-17T11:17:40.145+0000] {logging_mixin.py:190} INFO - [2024-12-17T11:17:40.145+0000] {dag.py:3239} INFO - Sync 10 DAGs
[2024-12-17T11:17:40.229+0000] {logging_mixin.py:190} INFO - [2024-12-17T11:17:40.228+0000] {dag.py:4180} INFO - Setting next_dagrun for conditional_dataset_and_time_based_timetable to 2024-12-11 01:00:00+00:00, run_after=2024-12-11 01:00:00+00:00
[2024-12-17T11:17:40.238+0000] {logging_mixin.py:190} INFO - [2024-12-17T11:17:40.237+0000] {dag.py:4180} INFO - Setting next_dagrun for consume_1_and_2_with_dataset_expressions to None, run_after=None
[2024-12-17T11:17:40.243+0000] {logging_mixin.py:190} INFO - [2024-12-17T11:17:40.242+0000] {dag.py:4180} INFO - Setting next_dagrun for consume_1_or_2_with_dataset_expressions to None, run_after=None
[2024-12-17T11:17:40.247+0000] {logging_mixin.py:190} INFO - [2024-12-17T11:17:40.246+0000] {dag.py:4180} INFO - Setting next_dagrun for consume_1_or_both_2_and_3_with_dataset_expressions to None, run_after=None
[2024-12-17T11:17:40.250+0000] {logging_mixin.py:190} INFO - [2024-12-17T11:17:40.250+0000] {dag.py:4180} INFO - Setting next_dagrun for dataset_consumes_1 to None, run_after=None
[2024-12-17T11:17:40.255+0000] {logging_mixin.py:190} INFO - [2024-12-17T11:17:40.254+0000] {dag.py:4180} INFO - Setting next_dagrun for dataset_consumes_1_and_2 to None, run_after=None
[2024-12-17T11:17:40.259+0000] {logging_mixin.py:190} INFO - [2024-12-17T11:17:40.258+0000] {dag.py:4180} INFO - Setting next_dagrun for dataset_consumes_1_never_scheduled to None, run_after=None
[2024-12-17T11:17:40.262+0000] {logging_mixin.py:190} INFO - [2024-12-17T11:17:40.262+0000] {dag.py:4180} INFO - Setting next_dagrun for dataset_consumes_unknown_never_scheduled to None, run_after=None
[2024-12-17T11:17:40.269+0000] {logging_mixin.py:190} INFO - [2024-12-17T11:17:40.269+0000] {dag.py:4180} INFO - Setting next_dagrun for dataset_produces_1 to 2024-12-16 00:00:00+00:00, run_after=2024-12-17 00:00:00+00:00
[2024-12-17T11:17:40.273+0000] {logging_mixin.py:190} INFO - [2024-12-17T11:17:40.272+0000] {dag.py:4180} INFO - Setting next_dagrun for dataset_produces_2 to None, run_after=None
[2024-12-17T11:17:40.576+0000] {processor.py:208} INFO - Processing /home/airflow/.local/lib/python3.12/site-packages/airflow/example_dags/example_datasets.py took 2.466 seconds
[2024-12-17T11:18:11.685+0000] {processor.py:186} INFO - Started process (PID=552) to work on /home/airflow/.local/lib/python3.12/site-packages/airflow/example_dags/example_datasets.py
[2024-12-17T11:18:11.687+0000] {processor.py:914} INFO - Processing file /home/airflow/.local/lib/python3.12/site-packages/airflow/example_dags/example_datasets.py for tasks to queue
[2024-12-17T11:18:11.692+0000] {logging_mixin.py:190} INFO - [2024-12-17T11:18:11.691+0000] {dagbag.py:588} INFO - Filling up the DagBag from /home/airflow/.local/lib/python3.12/site-packages/airflow/example_dags/example_datasets.py
[2024-12-17T11:18:14.491+0000] {processor.py:925} INFO - DAG(s) 'dataset_consumes_1', 'conditional_dataset_and_time_based_timetable', 'dataset_consumes_1_never_scheduled', 'consume_1_or_both_2_and_3_with_dataset_expressions', 'consume_1_or_2_with_dataset_expressions', 'dataset_consumes_1_and_2', 'dataset_produces_1', 'consume_1_and_2_with_dataset_expressions', 'dataset_consumes_unknown_never_scheduled', 'dataset_produces_2' retrieved from /home/airflow/.local/lib/python3.12/site-packages/airflow/example_dags/example_datasets.py
[2024-12-17T11:18:14.661+0000] {logging_mixin.py:190} INFO - [2024-12-17T11:18:14.661+0000] {dag.py:3239} INFO - Sync 10 DAGs
[2024-12-17T11:18:14.851+0000] {logging_mixin.py:190} INFO - [2024-12-17T11:18:14.850+0000] {dag.py:4180} INFO - Setting next_dagrun for conditional_dataset_and_time_based_timetable to 2024-12-11 01:00:00+00:00, run_after=2024-12-11 01:00:00+00:00
[2024-12-17T11:18:14.858+0000] {logging_mixin.py:190} INFO - [2024-12-17T11:18:14.858+0000] {dag.py:4180} INFO - Setting next_dagrun for consume_1_and_2_with_dataset_expressions to None, run_after=None
[2024-12-17T11:18:14.866+0000] {logging_mixin.py:190} INFO - [2024-12-17T11:18:14.865+0000] {dag.py:4180} INFO - Setting next_dagrun for consume_1_or_2_with_dataset_expressions to None, run_after=None
[2024-12-17T11:18:14.870+0000] {logging_mixin.py:190} INFO - [2024-12-17T11:18:14.869+0000] {dag.py:4180} INFO - Setting next_dagrun for consume_1_or_both_2_and_3_with_dataset_expressions to None, run_after=None
[2024-12-17T11:18:14.873+0000] {logging_mixin.py:190} INFO - [2024-12-17T11:18:14.873+0000] {dag.py:4180} INFO - Setting next_dagrun for dataset_consumes_1 to None, run_after=None
[2024-12-17T11:18:14.877+0000] {logging_mixin.py:190} INFO - [2024-12-17T11:18:14.876+0000] {dag.py:4180} INFO - Setting next_dagrun for dataset_consumes_1_and_2 to None, run_after=None
[2024-12-17T11:18:14.880+0000] {logging_mixin.py:190} INFO - [2024-12-17T11:18:14.880+0000] {dag.py:4180} INFO - Setting next_dagrun for dataset_consumes_1_never_scheduled to None, run_after=None
[2024-12-17T11:18:14.883+0000] {logging_mixin.py:190} INFO - [2024-12-17T11:18:14.883+0000] {dag.py:4180} INFO - Setting next_dagrun for dataset_consumes_unknown_never_scheduled to None, run_after=None
[2024-12-17T11:18:14.889+0000] {logging_mixin.py:190} INFO - [2024-12-17T11:18:14.889+0000] {dag.py:4180} INFO - Setting next_dagrun for dataset_produces_1 to 2024-12-16 00:00:00+00:00, run_after=2024-12-17 00:00:00+00:00
[2024-12-17T11:18:14.893+0000] {logging_mixin.py:190} INFO - [2024-12-17T11:18:14.892+0000] {dag.py:4180} INFO - Setting next_dagrun for dataset_produces_2 to None, run_after=None
[2024-12-17T11:18:15.089+0000] {processor.py:208} INFO - Processing /home/airflow/.local/lib/python3.12/site-packages/airflow/example_dags/example_datasets.py took 3.416 seconds
[2024-12-17T11:18:45.789+0000] {processor.py:186} INFO - Started process (PID=618) to work on /home/airflow/.local/lib/python3.12/site-packages/airflow/example_dags/example_datasets.py
[2024-12-17T11:18:46.006+0000] {processor.py:914} INFO - Processing file /home/airflow/.local/lib/python3.12/site-packages/airflow/example_dags/example_datasets.py for tasks to queue
[2024-12-17T11:18:46.023+0000] {logging_mixin.py:190} INFO - [2024-12-17T11:18:46.022+0000] {dagbag.py:588} INFO - Filling up the DagBag from /home/airflow/.local/lib/python3.12/site-packages/airflow/example_dags/example_datasets.py
[2024-12-17T11:18:52.423+0000] {processor.py:925} INFO - DAG(s) 'dataset_produces_2', 'dataset_consumes_1', 'consume_1_or_2_with_dataset_expressions', 'dataset_consumes_1_and_2', 'consume_1_and_2_with_dataset_expressions', 'dataset_consumes_1_never_scheduled', 'dataset_consumes_unknown_never_scheduled', 'conditional_dataset_and_time_based_timetable', 'dataset_produces_1', 'consume_1_or_both_2_and_3_with_dataset_expressions' retrieved from /home/airflow/.local/lib/python3.12/site-packages/airflow/example_dags/example_datasets.py
[2024-12-17T11:18:52.562+0000] {logging_mixin.py:190} INFO - [2024-12-17T11:18:52.562+0000] {dag.py:3239} INFO - Sync 10 DAGs
[2024-12-17T11:18:52.625+0000] {logging_mixin.py:190} INFO - [2024-12-17T11:18:52.625+0000] {dag.py:4180} INFO - Setting next_dagrun for conditional_dataset_and_time_based_timetable to 2024-12-11 01:00:00+00:00, run_after=2024-12-11 01:00:00+00:00
[2024-12-17T11:18:52.635+0000] {logging_mixin.py:190} INFO - [2024-12-17T11:18:52.635+0000] {dag.py:4180} INFO - Setting next_dagrun for consume_1_and_2_with_dataset_expressions to None, run_after=None
[2024-12-17T11:18:52.639+0000] {logging_mixin.py:190} INFO - [2024-12-17T11:18:52.638+0000] {dag.py:4180} INFO - Setting next_dagrun for consume_1_or_2_with_dataset_expressions to None, run_after=None
[2024-12-17T11:18:52.642+0000] {logging_mixin.py:190} INFO - [2024-12-17T11:18:52.642+0000] {dag.py:4180} INFO - Setting next_dagrun for consume_1_or_both_2_and_3_with_dataset_expressions to None, run_after=None
[2024-12-17T11:18:52.646+0000] {logging_mixin.py:190} INFO - [2024-12-17T11:18:52.645+0000] {dag.py:4180} INFO - Setting next_dagrun for dataset_consumes_1 to None, run_after=None
[2024-12-17T11:18:52.652+0000] {logging_mixin.py:190} INFO - [2024-12-17T11:18:52.651+0000] {dag.py:4180} INFO - Setting next_dagrun for dataset_consumes_1_and_2 to None, run_after=None
[2024-12-17T11:18:52.655+0000] {logging_mixin.py:190} INFO - [2024-12-17T11:18:52.654+0000] {dag.py:4180} INFO - Setting next_dagrun for dataset_consumes_1_never_scheduled to None, run_after=None
[2024-12-17T11:18:52.658+0000] {logging_mixin.py:190} INFO - [2024-12-17T11:18:52.658+0000] {dag.py:4180} INFO - Setting next_dagrun for dataset_consumes_unknown_never_scheduled to None, run_after=None
[2024-12-17T11:18:52.668+0000] {logging_mixin.py:190} INFO - [2024-12-17T11:18:52.667+0000] {dag.py:4180} INFO - Setting next_dagrun for dataset_produces_1 to 2024-12-16 00:00:00+00:00, run_after=2024-12-17 00:00:00+00:00
[2024-12-17T11:18:52.673+0000] {logging_mixin.py:190} INFO - [2024-12-17T11:18:52.672+0000] {dag.py:4180} INFO - Setting next_dagrun for dataset_produces_2 to None, run_after=None
[2024-12-17T11:18:52.897+0000] {processor.py:208} INFO - Processing /home/airflow/.local/lib/python3.12/site-packages/airflow/example_dags/example_datasets.py took 7.159 seconds
[2024-12-17T11:19:24.447+0000] {processor.py:186} INFO - Started process (PID=691) to work on /home/airflow/.local/lib/python3.12/site-packages/airflow/example_dags/example_datasets.py
[2024-12-17T11:19:24.449+0000] {processor.py:914} INFO - Processing file /home/airflow/.local/lib/python3.12/site-packages/airflow/example_dags/example_datasets.py for tasks to queue
[2024-12-17T11:19:24.455+0000] {logging_mixin.py:190} INFO - [2024-12-17T11:19:24.454+0000] {dagbag.py:588} INFO - Filling up the DagBag from /home/airflow/.local/lib/python3.12/site-packages/airflow/example_dags/example_datasets.py
[2024-12-17T11:19:26.439+0000] {processor.py:925} INFO - DAG(s) 'dataset_produces_1', 'dataset_consumes_unknown_never_scheduled', 'dataset_consumes_1', 'consume_1_or_2_with_dataset_expressions', 'dataset_consumes_1_never_scheduled', 'consume_1_or_both_2_and_3_with_dataset_expressions', 'conditional_dataset_and_time_based_timetable', 'dataset_produces_2', 'dataset_consumes_1_and_2', 'consume_1_and_2_with_dataset_expressions' retrieved from /home/airflow/.local/lib/python3.12/site-packages/airflow/example_dags/example_datasets.py
[2024-12-17T11:19:26.545+0000] {logging_mixin.py:190} INFO - [2024-12-17T11:19:26.544+0000] {dag.py:3239} INFO - Sync 10 DAGs
[2024-12-17T11:19:26.640+0000] {logging_mixin.py:190} INFO - [2024-12-17T11:19:26.639+0000] {dag.py:4180} INFO - Setting next_dagrun for conditional_dataset_and_time_based_timetable to 2024-12-11 01:00:00+00:00, run_after=2024-12-11 01:00:00+00:00
[2024-12-17T11:19:26.651+0000] {logging_mixin.py:190} INFO - [2024-12-17T11:19:26.650+0000] {dag.py:4180} INFO - Setting next_dagrun for consume_1_and_2_with_dataset_expressions to None, run_after=None
[2024-12-17T11:19:26.656+0000] {logging_mixin.py:190} INFO - [2024-12-17T11:19:26.655+0000] {dag.py:4180} INFO - Setting next_dagrun for consume_1_or_2_with_dataset_expressions to None, run_after=None
[2024-12-17T11:19:26.659+0000] {logging_mixin.py:190} INFO - [2024-12-17T11:19:26.659+0000] {dag.py:4180} INFO - Setting next_dagrun for consume_1_or_both_2_and_3_with_dataset_expressions to None, run_after=None
[2024-12-17T11:19:26.662+0000] {logging_mixin.py:190} INFO - [2024-12-17T11:19:26.662+0000] {dag.py:4180} INFO - Setting next_dagrun for dataset_consumes_1 to None, run_after=None
[2024-12-17T11:19:26.667+0000] {logging_mixin.py:190} INFO - [2024-12-17T11:19:26.667+0000] {dag.py:4180} INFO - Setting next_dagrun for dataset_consumes_1_and_2 to None, run_after=None
[2024-12-17T11:19:26.671+0000] {logging_mixin.py:190} INFO - [2024-12-17T11:19:26.670+0000] {dag.py:4180} INFO - Setting next_dagrun for dataset_consumes_1_never_scheduled to None, run_after=None
[2024-12-17T11:19:26.675+0000] {logging_mixin.py:190} INFO - [2024-12-17T11:19:26.674+0000] {dag.py:4180} INFO - Setting next_dagrun for dataset_consumes_unknown_never_scheduled to None, run_after=None
[2024-12-17T11:19:26.683+0000] {logging_mixin.py:190} INFO - [2024-12-17T11:19:26.682+0000] {dag.py:4180} INFO - Setting next_dagrun for dataset_produces_1 to 2024-12-16 00:00:00+00:00, run_after=2024-12-17 00:00:00+00:00
[2024-12-17T11:19:26.686+0000] {logging_mixin.py:190} INFO - [2024-12-17T11:19:26.685+0000] {dag.py:4180} INFO - Setting next_dagrun for dataset_produces_2 to None, run_after=None
[2024-12-17T11:19:27.126+0000] {processor.py:208} INFO - Processing /home/airflow/.local/lib/python3.12/site-packages/airflow/example_dags/example_datasets.py took 2.697 seconds
[2024-12-17T11:19:58.543+0000] {processor.py:186} INFO - Started process (PID=758) to work on /home/airflow/.local/lib/python3.12/site-packages/airflow/example_dags/example_datasets.py
[2024-12-17T11:19:58.546+0000] {processor.py:914} INFO - Processing file /home/airflow/.local/lib/python3.12/site-packages/airflow/example_dags/example_datasets.py for tasks to queue
[2024-12-17T11:19:58.552+0000] {logging_mixin.py:190} INFO - [2024-12-17T11:19:58.551+0000] {dagbag.py:588} INFO - Filling up the DagBag from /home/airflow/.local/lib/python3.12/site-packages/airflow/example_dags/example_datasets.py
[2024-12-17T11:20:02.750+0000] {processor.py:925} INFO - DAG(s) 'dataset_consumes_1', 'dataset_consumes_unknown_never_scheduled', 'dataset_produces_1', 'dataset_produces_2', 'consume_1_and_2_with_dataset_expressions', 'conditional_dataset_and_time_based_timetable', 'consume_1_or_both_2_and_3_with_dataset_expressions', 'dataset_consumes_1_never_scheduled', 'consume_1_or_2_with_dataset_expressions', 'dataset_consumes_1_and_2' retrieved from /home/airflow/.local/lib/python3.12/site-packages/airflow/example_dags/example_datasets.py
[2024-12-17T11:20:03.027+0000] {logging_mixin.py:190} INFO - [2024-12-17T11:20:03.027+0000] {dag.py:3239} INFO - Sync 10 DAGs
[2024-12-17T11:20:03.262+0000] {logging_mixin.py:190} INFO - [2024-12-17T11:20:03.261+0000] {dag.py:4180} INFO - Setting next_dagrun for conditional_dataset_and_time_based_timetable to 2024-12-11 01:00:00+00:00, run_after=2024-12-11 01:00:00+00:00
[2024-12-17T11:20:03.279+0000] {logging_mixin.py:190} INFO - [2024-12-17T11:20:03.279+0000] {dag.py:4180} INFO - Setting next_dagrun for consume_1_and_2_with_dataset_expressions to None, run_after=None
[2024-12-17T11:20:03.284+0000] {logging_mixin.py:190} INFO - [2024-12-17T11:20:03.284+0000] {dag.py:4180} INFO - Setting next_dagrun for consume_1_or_2_with_dataset_expressions to None, run_after=None
[2024-12-17T11:20:03.289+0000] {logging_mixin.py:190} INFO - [2024-12-17T11:20:03.288+0000] {dag.py:4180} INFO - Setting next_dagrun for consume_1_or_both_2_and_3_with_dataset_expressions to None, run_after=None
[2024-12-17T11:20:03.303+0000] {logging_mixin.py:190} INFO - [2024-12-17T11:20:03.303+0000] {dag.py:4180} INFO - Setting next_dagrun for dataset_consumes_1 to None, run_after=None
[2024-12-17T11:20:03.320+0000] {logging_mixin.py:190} INFO - [2024-12-17T11:20:03.308+0000] {dag.py:4180} INFO - Setting next_dagrun for dataset_consumes_1_and_2 to None, run_after=None
[2024-12-17T11:20:03.325+0000] {logging_mixin.py:190} INFO - [2024-12-17T11:20:03.324+0000] {dag.py:4180} INFO - Setting next_dagrun for dataset_consumes_1_never_scheduled to None, run_after=None
[2024-12-17T11:20:03.353+0000] {logging_mixin.py:190} INFO - [2024-12-17T11:20:03.353+0000] {dag.py:4180} INFO - Setting next_dagrun for dataset_consumes_unknown_never_scheduled to None, run_after=None
[2024-12-17T11:20:03.376+0000] {logging_mixin.py:190} INFO - [2024-12-17T11:20:03.375+0000] {dag.py:4180} INFO - Setting next_dagrun for dataset_produces_1 to 2024-12-16 00:00:00+00:00, run_after=2024-12-17 00:00:00+00:00
[2024-12-17T11:20:03.383+0000] {logging_mixin.py:190} INFO - [2024-12-17T11:20:03.382+0000] {dag.py:4180} INFO - Setting next_dagrun for dataset_produces_2 to None, run_after=None
[2024-12-17T11:20:03.985+0000] {processor.py:208} INFO - Processing /home/airflow/.local/lib/python3.12/site-packages/airflow/example_dags/example_datasets.py took 5.466 seconds
[2024-12-17T11:20:35.675+0000] {processor.py:186} INFO - Started process (PID=822) to work on /home/airflow/.local/lib/python3.12/site-packages/airflow/example_dags/example_datasets.py
[2024-12-17T11:20:35.677+0000] {processor.py:914} INFO - Processing file /home/airflow/.local/lib/python3.12/site-packages/airflow/example_dags/example_datasets.py for tasks to queue
[2024-12-17T11:20:35.682+0000] {logging_mixin.py:190} INFO - [2024-12-17T11:20:35.681+0000] {dagbag.py:588} INFO - Filling up the DagBag from /home/airflow/.local/lib/python3.12/site-packages/airflow/example_dags/example_datasets.py
[2024-12-17T11:20:39.340+0000] {processor.py:925} INFO - DAG(s) 'dataset_produces_2', 'consume_1_or_2_with_dataset_expressions', 'consume_1_and_2_with_dataset_expressions', 'dataset_consumes_unknown_never_scheduled', 'consume_1_or_both_2_and_3_with_dataset_expressions', 'dataset_consumes_1_and_2', 'dataset_consumes_1', 'dataset_produces_1', 'conditional_dataset_and_time_based_timetable', 'dataset_consumes_1_never_scheduled' retrieved from /home/airflow/.local/lib/python3.12/site-packages/airflow/example_dags/example_datasets.py
[2024-12-17T11:20:39.714+0000] {logging_mixin.py:190} INFO - [2024-12-17T11:20:39.713+0000] {dag.py:3239} INFO - Sync 10 DAGs
[2024-12-17T11:20:39.921+0000] {logging_mixin.py:190} INFO - [2024-12-17T11:20:39.920+0000] {dag.py:4180} INFO - Setting next_dagrun for conditional_dataset_and_time_based_timetable to 2024-12-11 01:00:00+00:00, run_after=2024-12-11 01:00:00+00:00
[2024-12-17T11:20:39.932+0000] {logging_mixin.py:190} INFO - [2024-12-17T11:20:39.931+0000] {dag.py:4180} INFO - Setting next_dagrun for consume_1_and_2_with_dataset_expressions to None, run_after=None
[2024-12-17T11:20:39.936+0000] {logging_mixin.py:190} INFO - [2024-12-17T11:20:39.936+0000] {dag.py:4180} INFO - Setting next_dagrun for consume_1_or_2_with_dataset_expressions to None, run_after=None
[2024-12-17T11:20:39.940+0000] {logging_mixin.py:190} INFO - [2024-12-17T11:20:39.940+0000] {dag.py:4180} INFO - Setting next_dagrun for consume_1_or_both_2_and_3_with_dataset_expressions to None, run_after=None
[2024-12-17T11:20:39.945+0000] {logging_mixin.py:190} INFO - [2024-12-17T11:20:39.944+0000] {dag.py:4180} INFO - Setting next_dagrun for dataset_consumes_1 to None, run_after=None
[2024-12-17T11:20:39.949+0000] {logging_mixin.py:190} INFO - [2024-12-17T11:20:39.949+0000] {dag.py:4180} INFO - Setting next_dagrun for dataset_consumes_1_and_2 to None, run_after=None
[2024-12-17T11:20:39.954+0000] {logging_mixin.py:190} INFO - [2024-12-17T11:20:39.954+0000] {dag.py:4180} INFO - Setting next_dagrun for dataset_consumes_1_never_scheduled to None, run_after=None
[2024-12-17T11:20:39.958+0000] {logging_mixin.py:190} INFO - [2024-12-17T11:20:39.958+0000] {dag.py:4180} INFO - Setting next_dagrun for dataset_consumes_unknown_never_scheduled to None, run_after=None
[2024-12-17T11:20:39.967+0000] {logging_mixin.py:190} INFO - [2024-12-17T11:20:39.967+0000] {dag.py:4180} INFO - Setting next_dagrun for dataset_produces_1 to 2024-12-16 00:00:00+00:00, run_after=2024-12-17 00:00:00+00:00
[2024-12-17T11:20:39.972+0000] {logging_mixin.py:190} INFO - [2024-12-17T11:20:39.971+0000] {dag.py:4180} INFO - Setting next_dagrun for dataset_produces_2 to None, run_after=None
[2024-12-17T11:20:40.157+0000] {processor.py:208} INFO - Processing /home/airflow/.local/lib/python3.12/site-packages/airflow/example_dags/example_datasets.py took 4.496 seconds
[2024-12-17T11:21:10.343+0000] {processor.py:186} INFO - Started process (PID=886) to work on /home/airflow/.local/lib/python3.12/site-packages/airflow/example_dags/example_datasets.py
[2024-12-17T11:21:10.345+0000] {processor.py:914} INFO - Processing file /home/airflow/.local/lib/python3.12/site-packages/airflow/example_dags/example_datasets.py for tasks to queue
[2024-12-17T11:21:10.352+0000] {logging_mixin.py:190} INFO - [2024-12-17T11:21:10.350+0000] {dagbag.py:588} INFO - Filling up the DagBag from /home/airflow/.local/lib/python3.12/site-packages/airflow/example_dags/example_datasets.py
[2024-12-17T11:21:12.005+0000] {processor.py:925} INFO - DAG(s) 'consume_1_and_2_with_dataset_expressions', 'dataset_consumes_1_never_scheduled', 'consume_1_or_both_2_and_3_with_dataset_expressions', 'dataset_consumes_1_and_2', 'consume_1_or_2_with_dataset_expressions', 'dataset_consumes_unknown_never_scheduled', 'dataset_consumes_1', 'dataset_produces_1', 'conditional_dataset_and_time_based_timetable', 'dataset_produces_2' retrieved from /home/airflow/.local/lib/python3.12/site-packages/airflow/example_dags/example_datasets.py
[2024-12-17T11:21:12.142+0000] {logging_mixin.py:190} INFO - [2024-12-17T11:21:12.141+0000] {dag.py:3239} INFO - Sync 10 DAGs
[2024-12-17T11:21:12.230+0000] {logging_mixin.py:190} INFO - [2024-12-17T11:21:12.230+0000] {dag.py:4180} INFO - Setting next_dagrun for conditional_dataset_and_time_based_timetable to 2024-12-11 01:00:00+00:00, run_after=2024-12-11 01:00:00+00:00
[2024-12-17T11:21:12.258+0000] {logging_mixin.py:190} INFO - [2024-12-17T11:21:12.258+0000] {dag.py:4180} INFO - Setting next_dagrun for consume_1_and_2_with_dataset_expressions to None, run_after=None
[2024-12-17T11:21:12.266+0000] {logging_mixin.py:190} INFO - [2024-12-17T11:21:12.264+0000] {dag.py:4180} INFO - Setting next_dagrun for consume_1_or_2_with_dataset_expressions to None, run_after=None
[2024-12-17T11:21:12.270+0000] {logging_mixin.py:190} INFO - [2024-12-17T11:21:12.270+0000] {dag.py:4180} INFO - Setting next_dagrun for consume_1_or_both_2_and_3_with_dataset_expressions to None, run_after=None
[2024-12-17T11:21:12.274+0000] {logging_mixin.py:190} INFO - [2024-12-17T11:21:12.274+0000] {dag.py:4180} INFO - Setting next_dagrun for dataset_consumes_1 to None, run_after=None
[2024-12-17T11:21:12.278+0000] {logging_mixin.py:190} INFO - [2024-12-17T11:21:12.278+0000] {dag.py:4180} INFO - Setting next_dagrun for dataset_consumes_1_and_2 to None, run_after=None
[2024-12-17T11:21:12.282+0000] {logging_mixin.py:190} INFO - [2024-12-17T11:21:12.282+0000] {dag.py:4180} INFO - Setting next_dagrun for dataset_consumes_1_never_scheduled to None, run_after=None
[2024-12-17T11:21:12.286+0000] {logging_mixin.py:190} INFO - [2024-12-17T11:21:12.286+0000] {dag.py:4180} INFO - Setting next_dagrun for dataset_consumes_unknown_never_scheduled to None, run_after=None
[2024-12-17T11:21:12.295+0000] {logging_mixin.py:190} INFO - [2024-12-17T11:21:12.294+0000] {dag.py:4180} INFO - Setting next_dagrun for dataset_produces_1 to 2024-12-16 00:00:00+00:00, run_after=2024-12-17 00:00:00+00:00
[2024-12-17T11:21:12.300+0000] {logging_mixin.py:190} INFO - [2024-12-17T11:21:12.299+0000] {dag.py:4180} INFO - Setting next_dagrun for dataset_produces_2 to None, run_after=None
[2024-12-17T11:21:12.437+0000] {processor.py:208} INFO - Processing /home/airflow/.local/lib/python3.12/site-packages/airflow/example_dags/example_datasets.py took 2.110 seconds
[2024-12-17T11:21:42.668+0000] {processor.py:186} INFO - Started process (PID=950) to work on /home/airflow/.local/lib/python3.12/site-packages/airflow/example_dags/example_datasets.py
[2024-12-17T11:21:42.672+0000] {processor.py:914} INFO - Processing file /home/airflow/.local/lib/python3.12/site-packages/airflow/example_dags/example_datasets.py for tasks to queue
[2024-12-17T11:21:42.682+0000] {logging_mixin.py:190} INFO - [2024-12-17T11:21:42.681+0000] {dagbag.py:588} INFO - Filling up the DagBag from /home/airflow/.local/lib/python3.12/site-packages/airflow/example_dags/example_datasets.py
[2024-12-17T11:21:44.049+0000] {processor.py:925} INFO - DAG(s) 'dataset_consumes_1_never_scheduled', 'dataset_produces_1', 'dataset_produces_2', 'consume_1_or_both_2_and_3_with_dataset_expressions', 'conditional_dataset_and_time_based_timetable', 'consume_1_and_2_with_dataset_expressions', 'dataset_consumes_1', 'dataset_consumes_unknown_never_scheduled', 'dataset_consumes_1_and_2', 'consume_1_or_2_with_dataset_expressions' retrieved from /home/airflow/.local/lib/python3.12/site-packages/airflow/example_dags/example_datasets.py
[2024-12-17T11:21:44.154+0000] {logging_mixin.py:190} INFO - [2024-12-17T11:21:44.153+0000] {dag.py:3239} INFO - Sync 10 DAGs
[2024-12-17T11:21:44.238+0000] {logging_mixin.py:190} INFO - [2024-12-17T11:21:44.237+0000] {dag.py:4180} INFO - Setting next_dagrun for conditional_dataset_and_time_based_timetable to 2024-12-11 01:00:00+00:00, run_after=2024-12-11 01:00:00+00:00
[2024-12-17T11:21:44.247+0000] {logging_mixin.py:190} INFO - [2024-12-17T11:21:44.246+0000] {dag.py:4180} INFO - Setting next_dagrun for consume_1_and_2_with_dataset_expressions to None, run_after=None
[2024-12-17T11:21:44.250+0000] {logging_mixin.py:190} INFO - [2024-12-17T11:21:44.249+0000] {dag.py:4180} INFO - Setting next_dagrun for consume_1_or_2_with_dataset_expressions to None, run_after=None
[2024-12-17T11:21:44.253+0000] {logging_mixin.py:190} INFO - [2024-12-17T11:21:44.252+0000] {dag.py:4180} INFO - Setting next_dagrun for consume_1_or_both_2_and_3_with_dataset_expressions to None, run_after=None
[2024-12-17T11:21:44.256+0000] {logging_mixin.py:190} INFO - [2024-12-17T11:21:44.256+0000] {dag.py:4180} INFO - Setting next_dagrun for dataset_consumes_1 to None, run_after=None
[2024-12-17T11:21:44.259+0000] {logging_mixin.py:190} INFO - [2024-12-17T11:21:44.259+0000] {dag.py:4180} INFO - Setting next_dagrun for dataset_consumes_1_and_2 to None, run_after=None
[2024-12-17T11:21:44.262+0000] {logging_mixin.py:190} INFO - [2024-12-17T11:21:44.261+0000] {dag.py:4180} INFO - Setting next_dagrun for dataset_consumes_1_never_scheduled to None, run_after=None
[2024-12-17T11:21:44.265+0000] {logging_mixin.py:190} INFO - [2024-12-17T11:21:44.264+0000] {dag.py:4180} INFO - Setting next_dagrun for dataset_consumes_unknown_never_scheduled to None, run_after=None
[2024-12-17T11:21:44.271+0000] {logging_mixin.py:190} INFO - [2024-12-17T11:21:44.270+0000] {dag.py:4180} INFO - Setting next_dagrun for dataset_produces_1 to 2024-12-16 00:00:00+00:00, run_after=2024-12-17 00:00:00+00:00
[2024-12-17T11:21:44.274+0000] {logging_mixin.py:190} INFO - [2024-12-17T11:21:44.274+0000] {dag.py:4180} INFO - Setting next_dagrun for dataset_produces_2 to None, run_after=None
[2024-12-17T11:21:44.472+0000] {processor.py:208} INFO - Processing /home/airflow/.local/lib/python3.12/site-packages/airflow/example_dags/example_datasets.py took 1.834 seconds
[2024-12-17T11:22:14.983+0000] {processor.py:186} INFO - Started process (PID=1014) to work on /home/airflow/.local/lib/python3.12/site-packages/airflow/example_dags/example_datasets.py
[2024-12-17T11:22:14.985+0000] {processor.py:914} INFO - Processing file /home/airflow/.local/lib/python3.12/site-packages/airflow/example_dags/example_datasets.py for tasks to queue
[2024-12-17T11:22:14.993+0000] {logging_mixin.py:190} INFO - [2024-12-17T11:22:14.992+0000] {dagbag.py:588} INFO - Filling up the DagBag from /home/airflow/.local/lib/python3.12/site-packages/airflow/example_dags/example_datasets.py
[2024-12-17T11:22:16.608+0000] {processor.py:925} INFO - DAG(s) 'dataset_produces_1', 'dataset_produces_2', 'dataset_consumes_1', 'dataset_consumes_1_never_scheduled', 'consume_1_or_both_2_and_3_with_dataset_expressions', 'dataset_consumes_1_and_2', 'consume_1_or_2_with_dataset_expressions', 'consume_1_and_2_with_dataset_expressions', 'conditional_dataset_and_time_based_timetable', 'dataset_consumes_unknown_never_scheduled' retrieved from /home/airflow/.local/lib/python3.12/site-packages/airflow/example_dags/example_datasets.py
[2024-12-17T11:22:16.757+0000] {logging_mixin.py:190} INFO - [2024-12-17T11:22:16.756+0000] {dag.py:3239} INFO - Sync 10 DAGs
[2024-12-17T11:22:16.880+0000] {logging_mixin.py:190} INFO - [2024-12-17T11:22:16.879+0000] {dag.py:4180} INFO - Setting next_dagrun for conditional_dataset_and_time_based_timetable to 2024-12-11 01:00:00+00:00, run_after=2024-12-11 01:00:00+00:00
[2024-12-17T11:22:16.887+0000] {logging_mixin.py:190} INFO - [2024-12-17T11:22:16.886+0000] {dag.py:4180} INFO - Setting next_dagrun for consume_1_and_2_with_dataset_expressions to None, run_after=None
[2024-12-17T11:22:16.890+0000] {logging_mixin.py:190} INFO - [2024-12-17T11:22:16.890+0000] {dag.py:4180} INFO - Setting next_dagrun for consume_1_or_2_with_dataset_expressions to None, run_after=None
[2024-12-17T11:22:16.894+0000] {logging_mixin.py:190} INFO - [2024-12-17T11:22:16.893+0000] {dag.py:4180} INFO - Setting next_dagrun for consume_1_or_both_2_and_3_with_dataset_expressions to None, run_after=None
[2024-12-17T11:22:16.897+0000] {logging_mixin.py:190} INFO - [2024-12-17T11:22:16.896+0000] {dag.py:4180} INFO - Setting next_dagrun for dataset_consumes_1 to None, run_after=None
[2024-12-17T11:22:16.900+0000] {logging_mixin.py:190} INFO - [2024-12-17T11:22:16.899+0000] {dag.py:4180} INFO - Setting next_dagrun for dataset_consumes_1_and_2 to None, run_after=None
[2024-12-17T11:22:16.903+0000] {logging_mixin.py:190} INFO - [2024-12-17T11:22:16.902+0000] {dag.py:4180} INFO - Setting next_dagrun for dataset_consumes_1_never_scheduled to None, run_after=None
[2024-12-17T11:22:16.905+0000] {logging_mixin.py:190} INFO - [2024-12-17T11:22:16.905+0000] {dag.py:4180} INFO - Setting next_dagrun for dataset_consumes_unknown_never_scheduled to None, run_after=None
[2024-12-17T11:22:16.911+0000] {logging_mixin.py:190} INFO - [2024-12-17T11:22:16.910+0000] {dag.py:4180} INFO - Setting next_dagrun for dataset_produces_1 to 2024-12-16 00:00:00+00:00, run_after=2024-12-17 00:00:00+00:00
[2024-12-17T11:22:16.914+0000] {logging_mixin.py:190} INFO - [2024-12-17T11:22:16.913+0000] {dag.py:4180} INFO - Setting next_dagrun for dataset_produces_2 to None, run_after=None
[2024-12-17T11:22:17.340+0000] {processor.py:208} INFO - Processing /home/airflow/.local/lib/python3.12/site-packages/airflow/example_dags/example_datasets.py took 2.373 seconds
[2024-12-17T11:22:47.833+0000] {processor.py:186} INFO - Started process (PID=1077) to work on /home/airflow/.local/lib/python3.12/site-packages/airflow/example_dags/example_datasets.py
[2024-12-17T11:22:47.836+0000] {processor.py:914} INFO - Processing file /home/airflow/.local/lib/python3.12/site-packages/airflow/example_dags/example_datasets.py for tasks to queue
[2024-12-17T11:22:47.843+0000] {logging_mixin.py:190} INFO - [2024-12-17T11:22:47.842+0000] {dagbag.py:588} INFO - Filling up the DagBag from /home/airflow/.local/lib/python3.12/site-packages/airflow/example_dags/example_datasets.py
[2024-12-17T11:22:50.892+0000] {processor.py:925} INFO - DAG(s) 'dataset_consumes_1_never_scheduled', 'dataset_consumes_1', 'consume_1_or_both_2_and_3_with_dataset_expressions', 'dataset_produces_2', 'conditional_dataset_and_time_based_timetable', 'dataset_consumes_1_and_2', 'consume_1_or_2_with_dataset_expressions', 'dataset_produces_1', 'dataset_consumes_unknown_never_scheduled', 'consume_1_and_2_with_dataset_expressions' retrieved from /home/airflow/.local/lib/python3.12/site-packages/airflow/example_dags/example_datasets.py
[2024-12-17T11:22:51.008+0000] {logging_mixin.py:190} INFO - [2024-12-17T11:22:51.007+0000] {dag.py:3239} INFO - Sync 10 DAGs
[2024-12-17T11:22:51.108+0000] {logging_mixin.py:190} INFO - [2024-12-17T11:22:51.107+0000] {dag.py:4180} INFO - Setting next_dagrun for conditional_dataset_and_time_based_timetable to 2024-12-11 01:00:00+00:00, run_after=2024-12-11 01:00:00+00:00
[2024-12-17T11:22:51.119+0000] {logging_mixin.py:190} INFO - [2024-12-17T11:22:51.119+0000] {dag.py:4180} INFO - Setting next_dagrun for consume_1_and_2_with_dataset_expressions to None, run_after=None
[2024-12-17T11:22:51.123+0000] {logging_mixin.py:190} INFO - [2024-12-17T11:22:51.122+0000] {dag.py:4180} INFO - Setting next_dagrun for consume_1_or_2_with_dataset_expressions to None, run_after=None
[2024-12-17T11:22:51.127+0000] {logging_mixin.py:190} INFO - [2024-12-17T11:22:51.127+0000] {dag.py:4180} INFO - Setting next_dagrun for consume_1_or_both_2_and_3_with_dataset_expressions to None, run_after=None
[2024-12-17T11:22:51.131+0000] {logging_mixin.py:190} INFO - [2024-12-17T11:22:51.130+0000] {dag.py:4180} INFO - Setting next_dagrun for dataset_consumes_1 to None, run_after=None
[2024-12-17T11:22:51.135+0000] {logging_mixin.py:190} INFO - [2024-12-17T11:22:51.135+0000] {dag.py:4180} INFO - Setting next_dagrun for dataset_consumes_1_and_2 to None, run_after=None
[2024-12-17T11:22:51.140+0000] {logging_mixin.py:190} INFO - [2024-12-17T11:22:51.139+0000] {dag.py:4180} INFO - Setting next_dagrun for dataset_consumes_1_never_scheduled to None, run_after=None
[2024-12-17T11:22:51.143+0000] {logging_mixin.py:190} INFO - [2024-12-17T11:22:51.143+0000] {dag.py:4180} INFO - Setting next_dagrun for dataset_consumes_unknown_never_scheduled to None, run_after=None
[2024-12-17T11:22:51.153+0000] {logging_mixin.py:190} INFO - [2024-12-17T11:22:51.153+0000] {dag.py:4180} INFO - Setting next_dagrun for dataset_produces_1 to 2024-12-16 00:00:00+00:00, run_after=2024-12-17 00:00:00+00:00
[2024-12-17T11:22:51.158+0000] {logging_mixin.py:190} INFO - [2024-12-17T11:22:51.158+0000] {dag.py:4180} INFO - Setting next_dagrun for dataset_produces_2 to None, run_after=None
[2024-12-17T11:22:51.616+0000] {processor.py:208} INFO - Processing /home/airflow/.local/lib/python3.12/site-packages/airflow/example_dags/example_datasets.py took 3.817 seconds
                                                                                                                                                                                                                                                                                                                                                                                                                                                                                                                                                                                                                                                                                                                                                                                                                                                                                                                                                                                                                                                                                                                                                                                                                                                                                                                                                                                                                                                                                                                                                                                                                                                                                                                                                                                                                                                                                                                                                                                                                                                                                                                                                                                                                                                                                                                                                                                                                                                                                                                                                                                                                                                                                                                                                                                                                                                                                                                                                                                                                                                                                                                                                                                                                                                                                                                                                                                                                                                                                                                                                                                                             