[2024-12-17T11:14:11.263+0000] {processor.py:186} INFO - Started process (PID=114) to work on /home/airflow/.local/lib/python3.12/site-packages/airflow/example_dags/example_python_decorator.py
[2024-12-17T11:14:11.265+0000] {processor.py:914} INFO - Processing file /home/airflow/.local/lib/python3.12/site-packages/airflow/example_dags/example_python_decorator.py for tasks to queue
[2024-12-17T11:14:11.269+0000] {logging_mixin.py:190} INFO - [2024-12-17T11:14:11.268+0000] {dagbag.py:588} INFO - Filling up the DagBag from /home/airflow/.local/lib/python3.12/site-packages/airflow/example_dags/example_python_decorator.py
[2024-12-17T11:14:11.302+0000] {processor.py:925} INFO - DAG(s) 'example_python_decorator' retrieved from /home/airflow/.local/lib/python3.12/site-packages/airflow/example_dags/example_python_decorator.py
[2024-12-17T11:14:11.558+0000] {logging_mixin.py:190} INFO - [2024-12-17T11:14:11.558+0000] {dag.py:3239} INFO - Sync 1 DAGs
[2024-12-17T11:14:11.593+0000] {logging_mixin.py:190} INFO - [2024-12-17T11:14:11.593+0000] {dag.py:4180} INFO - Setting next_dagrun for example_python_decorator to None, run_after=None
[2024-12-17T11:14:11.684+0000] {processor.py:208} INFO - Processing /home/airflow/.local/lib/python3.12/site-packages/airflow/example_dags/example_python_decorator.py took 0.433 seconds
[2024-12-17T11:14:45.206+0000] {processor.py:186} INFO - Started process (PID=183) to work on /home/airflow/.local/lib/python3.12/site-packages/airflow/example_dags/example_python_decorator.py
[2024-12-17T11:14:45.208+0000] {processor.py:914} INFO - Processing file /home/airflow/.local/lib/python3.12/site-packages/airflow/example_dags/example_python_decorator.py for tasks to queue
[2024-12-17T11:14:45.214+0000] {logging_mixin.py:190} INFO - [2024-12-17T11:14:45.213+0000] {dagbag.py:588} INFO - Filling up the DagBag from /home/airflow/.local/lib/python3.12/site-packages/airflow/example_dags/example_python_decorator.py
[2024-12-17T11:14:45.261+0000] {processor.py:925} INFO - DAG(s) 'example_python_decorator' retrieved from /home/airflow/.local/lib/python3.12/site-packages/airflow/example_dags/example_python_decorator.py
[2024-12-17T11:14:45.404+0000] {logging_mixin.py:190} INFO - [2024-12-17T11:14:45.403+0000] {dag.py:3239} INFO - Sync 1 DAGs
[2024-12-17T11:14:45.476+0000] {logging_mixin.py:190} INFO - [2024-12-17T11:14:45.475+0000] {dag.py:4180} INFO - Setting next_dagrun for example_python_decorator to None, run_after=None
[2024-12-17T11:14:45.612+0000] {processor.py:208} INFO - Processing /home/airflow/.local/lib/python3.12/site-packages/airflow/example_dags/example_python_decorator.py took 0.434 seconds
[2024-12-17T11:15:17.425+0000] {processor.py:186} INFO - Started process (PID=246) to work on /home/airflow/.local/lib/python3.12/site-packages/airflow/example_dags/example_python_decorator.py
[2024-12-17T11:15:17.428+0000] {processor.py:914} INFO - Processing file /home/airflow/.local/lib/python3.12/site-packages/airflow/example_dags/example_python_decorator.py for tasks to queue
[2024-12-17T11:15:17.434+0000] {logging_mixin.py:190} INFO - [2024-12-17T11:15:17.433+0000] {dagbag.py:588} INFO - Filling up the DagBag from /home/airflow/.local/lib/python3.12/site-packages/airflow/example_dags/example_python_decorator.py
[2024-12-17T11:15:17.464+0000] {processor.py:925} INFO - DAG(s) 'example_python_decorator' retrieved from /home/airflow/.local/lib/python3.12/site-packages/airflow/example_dags/example_python_decorator.py
[2024-12-17T11:15:17.513+0000] {logging_mixin.py:190} INFO - [2024-12-17T11:15:17.513+0000] {dag.py:3239} INFO - Sync 1 DAGs
[2024-12-17T11:15:17.548+0000] {logging_mixin.py:190} INFO - [2024-12-17T11:15:17.547+0000] {dag.py:4180} INFO - Setting next_dagrun for example_python_decorator to None, run_after=None
[2024-12-17T11:15:17.644+0000] {processor.py:208} INFO - Processing /home/airflow/.local/lib/python3.12/site-packages/airflow/example_dags/example_python_decorator.py took 0.232 seconds
[2024-12-17T11:15:51.449+0000] {processor.py:186} INFO - Started process (PID=315) to work on /home/airflow/.local/lib/python3.12/site-packages/airflow/example_dags/example_python_decorator.py
[2024-12-17T11:15:51.451+0000] {processor.py:914} INFO - Processing file /home/airflow/.local/lib/python3.12/site-packages/airflow/example_dags/example_python_decorator.py for tasks to queue
[2024-12-17T11:15:51.455+0000] {logging_mixin.py:190} INFO - [2024-12-17T11:15:51.455+0000] {dagbag.py:588} INFO - Filling up the DagBag from /home/airflow/.local/lib/python3.12/site-packages/airflow/example_dags/example_python_decorator.py
[2024-12-17T11:15:51.517+0000] {processor.py:925} INFO - DAG(s) 'example_python_decorator' retrieved from /home/airflow/.local/lib/python3.12/site-packages/airflow/example_dags/example_python_decorator.py
[2024-12-17T11:15:51.613+0000] {logging_mixin.py:190} INFO - [2024-12-17T11:15:51.613+0000] {dag.py:3239} INFO - Sync 1 DAGs
[2024-12-17T11:15:51.653+0000] {logging_mixin.py:190} INFO - [2024-12-17T11:15:51.652+0000] {dag.py:4180} INFO - Setting next_dagrun for example_python_decorator to None, run_after=None
[2024-12-17T11:15:51.835+0000] {processor.py:208} INFO - Processing /home/airflow/.local/lib/python3.12/site-packages/airflow/example_dags/example_python_decorator.py took 0.402 seconds
[2024-12-17T11:16:23.237+0000] {processor.py:186} INFO - Started process (PID=379) to work on /home/airflow/.local/lib/python3.12/site-packages/airflow/example_dags/example_python_decorator.py
[2024-12-17T11:16:23.239+0000] {processor.py:914} INFO - Processing file /home/airflow/.local/lib/python3.12/site-packages/airflow/example_dags/example_python_decorator.py for tasks to queue
[2024-12-17T11:16:23.245+0000] {logging_mixin.py:190} INFO - [2024-12-17T11:16:23.244+0000] {dagbag.py:588} INFO - Filling up the DagBag from /home/airflow/.local/lib/python3.12/site-packages/airflow/example_dags/example_python_decorator.py
[2024-12-17T11:16:23.281+0000] {processor.py:925} INFO - DAG(s) 'example_python_decorator' retrieved from /home/airflow/.local/lib/python3.12/site-packages/airflow/example_dags/example_python_decorator.py
[2024-12-17T11:16:23.335+0000] {logging_mixin.py:190} INFO - [2024-12-17T11:16:23.335+0000] {dag.py:3239} INFO - Sync 1 DAGs
[2024-12-17T11:16:23.382+0000] {logging_mixin.py:190} INFO - [2024-12-17T11:16:23.382+0000] {dag.py:4180} INFO - Setting next_dagrun for example_python_decorator to None, run_after=None
[2024-12-17T11:16:23.471+0000] {processor.py:208} INFO - Processing /home/airflow/.local/lib/python3.12/site-packages/airflow/example_dags/example_python_decorator.py took 0.253 seconds
[2024-12-17T11:16:55.882+0000] {processor.py:186} INFO - Started process (PID=443) to work on /home/airflow/.local/lib/python3.12/site-packages/airflow/example_dags/example_python_decorator.py
[2024-12-17T11:16:55.891+0000] {processor.py:914} INFO - Processing file /home/airflow/.local/lib/python3.12/site-packages/airflow/example_dags/example_python_decorator.py for tasks to queue
[2024-12-17T11:16:55.900+0000] {logging_mixin.py:190} INFO - [2024-12-17T11:16:55.899+0000] {dagbag.py:588} INFO - Filling up the DagBag from /home/airflow/.local/lib/python3.12/site-packages/airflow/example_dags/example_python_decorator.py
[2024-12-17T11:16:55.981+0000] {processor.py:925} INFO - DAG(s) 'example_python_decorator' retrieved from /home/airflow/.local/lib/python3.12/site-packages/airflow/example_dags/example_python_decorator.py
[2024-12-17T11:16:56.105+0000] {logging_mixin.py:190} INFO - [2024-12-17T11:16:56.104+0000] {dag.py:3239} INFO - Sync 1 DAGs
[2024-12-17T11:16:56.163+0000] {logging_mixin.py:190} INFO - [2024-12-17T11:16:56.162+0000] {dag.py:4180} INFO - Setting next_dagrun for example_python_decorator to None, run_after=None
[2024-12-17T11:16:56.604+0000] {processor.py:208} INFO - Processing /home/airflow/.local/lib/python3.12/site-packages/airflow/example_dags/example_python_decorator.py took 0.754 seconds
[2024-12-17T11:17:47.005+0000] {processor.py:186} INFO - Started process (PID=505) to work on /home/airflow/.local/lib/python3.12/site-packages/airflow/example_dags/example_python_decorator.py
[2024-12-17T11:17:47.050+0000] {processor.py:914} INFO - Processing file /home/airflow/.local/lib/python3.12/site-packages/airflow/example_dags/example_python_decorator.py for tasks to queue
[2024-12-17T11:17:47.072+0000] {logging_mixin.py:190} INFO - [2024-12-17T11:17:47.067+0000] {dagbag.py:588} INFO - Filling up the DagBag from /home/airflow/.local/lib/python3.12/site-packages/airflow/example_dags/example_python_decorator.py
[2024-12-17T11:17:47.160+0000] {processor.py:925} INFO - DAG(s) 'example_python_decorator' retrieved from /home/airflow/.local/lib/python3.12/site-packages/airflow/example_dags/example_python_decorator.py
[2024-12-17T11:17:47.217+0000] {logging_mixin.py:190} INFO - [2024-12-17T11:17:47.217+0000] {dag.py:3239} INFO - Sync 1 DAGs
[2024-12-17T11:17:47.266+0000] {logging_mixin.py:190} INFO - [2024-12-17T11:17:47.266+0000] {dag.py:4180} INFO - Setting next_dagrun for example_python_decorator to None, run_after=None
[2024-12-17T11:17:47.430+0000] {processor.py:208} INFO - Processing /home/airflow/.local/lib/python3.12/site-packages/airflow/example_dags/example_python_decorator.py took 0.468 seconds
[2024-12-17T11:18:21.956+0000] {processor.py:186} INFO - Started process (PID=579) to work on /home/airflow/.local/lib/python3.12/site-packages/airflow/example_dags/example_python_decorator.py
[2024-12-17T11:18:21.958+0000] {processor.py:914} INFO - Processing file /home/airflow/.local/lib/python3.12/site-packages/airflow/example_dags/example_python_decorator.py for tasks to queue
[2024-12-17T11:18:21.963+0000] {logging_mixin.py:190} INFO - [2024-12-17T11:18:21.963+0000] {dagbag.py:588} INFO - Filling up the DagBag from /home/airflow/.local/lib/python3.12/site-packages/airflow/example_dags/example_python_decorator.py
[2024-12-17T11:18:22.019+0000] {processor.py:925} INFO - DAG(s) 'example_python_decorator' retrieved from /home/airflow/.local/lib/python3.12/site-packages/airflow/example_dags/example_python_decorator.py
[2024-12-17T11:18:22.158+0000] {logging_mixin.py:190} INFO - [2024-12-17T11:18:22.157+0000] {dag.py:3239} INFO - Sync 1 DAGs
[2024-12-17T11:18:22.209+0000] {logging_mixin.py:190} INFO - [2024-12-17T11:18:22.208+0000] {dag.py:4180} INFO - Setting next_dagrun for example_python_decorator to None, run_after=None
[2024-12-17T11:18:22.312+0000] {processor.py:208} INFO - Processing /home/airflow/.local/lib/python3.12/site-packages/airflow/example_dags/example_python_decorator.py took 0.374 seconds
[2024-12-17T11:18:56.583+0000] {processor.py:186} INFO - Started process (PID=644) to work on /home/airflow/.local/lib/python3.12/site-packages/airflow/example_dags/example_python_decorator.py
[2024-12-17T11:18:56.589+0000] {processor.py:914} INFO - Processing file /home/airflow/.local/lib/python3.12/site-packages/airflow/example_dags/example_python_decorator.py for tasks to queue
[2024-12-17T11:18:56.599+0000] {logging_mixin.py:190} INFO - [2024-12-17T11:18:56.595+0000] {dagbag.py:588} INFO - Filling up the DagBag from /home/airflow/.local/lib/python3.12/site-packages/airflow/example_dags/example_python_decorator.py
[2024-12-17T11:18:56.649+0000] {processor.py:925} INFO - DAG(s) 'example_python_decorator' retrieved from /home/airflow/.local/lib/python3.12/site-packages/airflow/example_dags/example_python_decorator.py
[2024-12-17T11:18:56.707+0000] {logging_mixin.py:190} INFO - [2024-12-17T11:18:56.707+0000] {dag.py:3239} INFO - Sync 1 DAGs
[2024-12-17T11:18:56.748+0000] {logging_mixin.py:190} INFO - [2024-12-17T11:18:56.748+0000] {dag.py:4180} INFO - Setting next_dagrun for example_python_decorator to None, run_after=None
[2024-12-17T11:18:56.907+0000] {processor.py:208} INFO - Processing /home/airflow/.local/lib/python3.12/site-packages/airflow/example_dags/example_python_decorator.py took 0.340 seconds
[2024-12-17T11:19:30.755+0000] {processor.py:186} INFO - Started process (PID=710) to work on /home/airflow/.local/lib/python3.12/site-packages/airflow/example_dags/example_python_decorator.py
[2024-12-17T11:19:30.766+0000] {processor.py:914} INFO - Processing file /home/airflow/.local/lib/python3.12/site-packages/airflow/example_dags/example_python_decorator.py for tasks to queue
[2024-12-17T11:19:30.773+0000] {logging_mixin.py:190} INFO - [2024-12-17T11:19:30.772+0000] {dagbag.py:588} INFO - Filling up the DagBag from /home/airflow/.local/lib/python3.12/site-packages/airflow/example_dags/example_python_decorator.py
[2024-12-17T11:19:30.824+0000] {processor.py:925} INFO - DAG(s) 'example_python_decorator' retrieved from /home/airflow/.local/lib/python3.12/site-packages/airflow/example_dags/example_python_decorator.py
[2024-12-17T11:19:30.890+0000] {logging_mixin.py:190} INFO - [2024-12-17T11:19:30.889+0000] {dag.py:3239} INFO - Sync 1 DAGs
[2024-12-17T11:19:30.930+0000] {logging_mixin.py:190} INFO - [2024-12-17T11:19:30.929+0000] {dag.py:4180} INFO - Setting next_dagrun for example_python_decorator to None, run_after=None
[2024-12-17T11:19:31.052+0000] {processor.py:208} INFO - Processing /home/airflow/.local/lib/python3.12/site-packages/airflow/example_dags/example_python_decorator.py took 0.319 seconds
[2024-12-17T11:20:09.125+0000] {processor.py:186} INFO - Started process (PID=775) to work on /home/airflow/.local/lib/python3.12/site-packages/airflow/example_dags/example_python_decorator.py
[2024-12-17T11:20:09.127+0000] {processor.py:914} INFO - Processing file /home/airflow/.local/lib/python3.12/site-packages/airflow/example_dags/example_python_decorator.py for tasks to queue
[2024-12-17T11:20:09.135+0000] {logging_mixin.py:190} INFO - [2024-12-17T11:20:09.132+0000] {dagbag.py:588} INFO - Filling up the DagBag from /home/airflow/.local/lib/python3.12/site-packages/airflow/example_dags/example_python_decorator.py
[2024-12-17T11:20:09.176+0000] {processor.py:925} INFO - DAG(s) 'example_python_decorator' retrieved from /home/airflow/.local/lib/python3.12/site-packages/airflow/example_dags/example_python_decorator.py
[2024-12-17T11:20:09.237+0000] {logging_mixin.py:190} INFO - [2024-12-17T11:20:09.236+0000] {dag.py:3239} INFO - Sync 1 DAGs
[2024-12-17T11:20:09.304+0000] {logging_mixin.py:190} INFO - [2024-12-17T11:20:09.301+0000] {dag.py:4180} INFO - Setting next_dagrun for example_python_decorator to None, run_after=None
[2024-12-17T11:20:09.449+0000] {processor.py:208} INFO - Processing /home/airflow/.local/lib/python3.12/site-packages/airflow/example_dags/example_python_decorator.py took 0.339 seconds
[2024-12-17T11:20:46.711+0000] {processor.py:186} INFO - Started process (PID=840) to work on /home/airflow/.local/lib/python3.12/site-packages/airflow/example_dags/example_python_decorator.py
[2024-12-17T11:20:46.735+0000] {processor.py:914} INFO - Processing file /home/airflow/.local/lib/python3.12/site-packages/airflow/example_dags/example_python_decorator.py for tasks to queue
[2024-12-17T11:20:46.741+0000] {logging_mixin.py:190} INFO - [2024-12-17T11:20:46.740+0000] {dagbag.py:588} INFO - Filling up the DagBag from /home/airflow/.local/lib/python3.12/site-packages/airflow/example_dags/example_python_decorator.py
[2024-12-17T11:20:46.787+0000] {processor.py:925} INFO - DAG(s) 'example_python_decorator' retrieved from /home/airflow/.local/lib/python3.12/site-packages/airflow/example_dags/example_python_decorator.py
[2024-12-17T11:20:46.863+0000] {logging_mixin.py:190} INFO - [2024-12-17T11:20:46.863+0000] {dag.py:3239} INFO - Sync 1 DAGs
[2024-12-17T11:20:46.911+0000] {logging_mixin.py:190} INFO - [2024-12-17T11:20:46.911+0000] {dag.py:4180} INFO - Setting next_dagrun for example_python_decorator to None, run_after=None
[2024-12-17T11:20:47.104+0000] {processor.py:208} INFO - Processing /home/airflow/.local/lib/python3.12/site-packages/airflow/example_dags/example_python_decorator.py took 0.411 seconds
[2024-12-17T11:21:17.817+0000] {processor.py:186} INFO - Started process (PID=903) to work on /home/airflow/.local/lib/python3.12/site-packages/airflow/example_dags/example_python_decorator.py
[2024-12-17T11:21:17.879+0000] {processor.py:914} INFO - Processing file /home/airflow/.local/lib/python3.12/site-packages/airflow/example_dags/example_python_decorator.py for tasks to queue
[2024-12-17T11:21:17.885+0000] {logging_mixin.py:190} INFO - [2024-12-17T11:21:17.884+0000] {dagbag.py:588} INFO - Filling up the DagBag from /home/airflow/.local/lib/python3.12/site-packages/airflow/example_dags/example_python_decorator.py
[2024-12-17T11:21:17.913+0000] {processor.py:925} INFO - DAG(s) 'example_python_decorator' retrieved from /home/airflow/.local/lib/python3.12/site-packages/airflow/example_dags/example_python_decorator.py
[2024-12-17T11:21:17.957+0000] {logging_mixin.py:190} INFO - [2024-12-17T11:21:17.956+0000] {dag.py:3239} INFO - Sync 1 DAGs
[2024-12-17T11:21:17.994+0000] {logging_mixin.py:190} INFO - [2024-12-17T11:21:17.993+0000] {dag.py:4180} INFO - Setting next_dagrun for example_python_decorator to None, run_after=None
[2024-12-17T11:21:18.131+0000] {processor.py:208} INFO - Processing /home/airflow/.local/lib/python3.12/site-packages/airflow/example_dags/example_python_decorator.py took 0.331 seconds
[2024-12-17T11:21:48.470+0000] {processor.py:186} INFO - Started process (PID=967) to work on /home/airflow/.local/lib/python3.12/site-packages/airflow/example_dags/example_python_decorator.py
[2024-12-17T11:21:48.472+0000] {processor.py:914} INFO - Processing file /home/airflow/.local/lib/python3.12/site-packages/airflow/example_dags/example_python_decorator.py for tasks to queue
[2024-12-17T11:21:48.480+0000] {logging_mixin.py:190} INFO - [2024-12-17T11:21:48.479+0000] {dagbag.py:588} INFO - Filling up the DagBag from /home/airflow/.local/lib/python3.12/site-packages/airflow/example_dags/example_python_decorator.py
[2024-12-17T11:21:48.533+0000] {processor.py:925} INFO - DAG(s) 'example_python_decorator' retrieved from /home/airflow/.local/lib/python3.12/site-packages/airflow/example_dags/example_python_decorator.py
[2024-12-17T11:21:48.590+0000] {logging_mixin.py:190} INFO - [2024-12-17T11:21:48.589+0000] {dag.py:3239} INFO - Sync 1 DAGs
[2024-12-17T11:21:48.641+0000] {logging_mixin.py:190} INFO - [2024-12-17T11:21:48.640+0000] {dag.py:4180} INFO - Setting next_dagrun for example_python_decorator to None, run_after=None
[2024-12-17T11:21:48.755+0000] {processor.py:208} INFO - Processing /home/airflow/.local/lib/python3.12/site-packages/airflow/example_dags/example_python_decorator.py took 0.306 seconds
[2024-12-17T11:22:21.505+0000] {processor.py:186} INFO - Started process (PID=1033) to work on /home/airflow/.local/lib/python3.12/site-packages/airflow/example_dags/example_python_decorator.py
[2024-12-17T11:22:21.507+0000] {processor.py:914} INFO - Processing file /home/airflow/.local/lib/python3.12/site-packages/airflow/example_dags/example_python_decorator.py for tasks to queue
[2024-12-17T11:22:21.527+0000] {logging_mixin.py:190} INFO - [2024-12-17T11:22:21.527+0000] {dagbag.py:588} INFO - Filling up the DagBag from /home/airflow/.local/lib/python3.12/site-packages/airflow/example_dags/example_python_decorator.py
[2024-12-17T11:22:21.575+0000] {processor.py:925} INFO - DAG(s) 'example_python_decorator' retrieved from /home/airflow/.local/lib/python3.12/site-packages/airflow/example_dags/example_python_decorator.py
[2024-12-17T11:22:21.669+0000] {logging_mixin.py:190} INFO - [2024-12-17T11:22:21.668+0000] {dag.py:3239} INFO - Sync 1 DAGs
[2024-12-17T11:22:21.788+0000] {logging_mixin.py:190} INFO - [2024-12-17T11:22:21.785+0000] {dag.py:4180} INFO - Setting next_dagrun for example_python_decorator to None, run_after=None
[2024-12-17T11:22:21.955+0000] {processor.py:208} INFO - Processing /home/airflow/.local/lib/python3.12/site-packages/airflow/example_dags/example_python_decorator.py took 0.464 seconds
[2024-12-17T11:23:06.284+0000] {processor.py:186} INFO - Started process (PID=1103) to work on /home/airflow/.local/lib/python3.12/site-packages/airflow/example_dags/example_python_decorator.py
[2024-12-17T11:23:06.286+0000] {processor.py:914} INFO - Processing file /home/airflow/.local/lib/python3.12/site-packages/airflow/example_dags/example_python_decorator.py for tasks to queue
[2024-12-17T11:23:06.291+0000] {logging_mixin.py:190} INFO - [2024-12-17T11:23:06.290+0000] {dagbag.py:588} INFO - Filling up the DagBag from /home/airflow/.local/lib/python3.12/site-packages/airflow/example_dags/example_python_decorator.py
[2024-12-17T11:23:06.324+0000] {processor.py:925} INFO - DAG(s) 'example_python_decorator' retrieved from /home/airflow/.local/lib/python3.12/site-packages/airflow/example_dags/example_python_decorator.py
[2024-12-17T11:23:06.372+0000] {logging_mixin.py:190} INFO - [2024-12-17T11:23:06.371+0000] {dag.py:3239} INFO - Sync 1 DAGs
[2024-12-17T11:23:06.421+0000] {logging_mixin.py:190} INFO - [2024-12-17T11:23:06.420+0000] {dag.py:4180} INFO - Setting next_dagrun for example_python_decorator to None, run_after=None
[2024-12-17T11:23:07.383+0000] {processor.py:208} INFO - Processing /home/airflow/.local/lib/python3.12/site-packages/airflow/example_dags/example_python_decorator.py took 1.114 seconds
