[2024-12-24T08:38:15.328+0000] {local_task_job_runner.py:123} INFO - ::group::Pre task execution logs
[2024-12-24T08:38:15.749+0000] {taskinstance.py:2613} INFO - Dependencies all met for dep_context=non-requeueable deps ti=<TaskInstance: my_dag.training_model_B scheduled__2024-12-24T08:36:00+00:00 [queued]>
[2024-12-24T08:38:15.843+0000] {taskinstance.py:2613} INFO - Dependencies all met for dep_context=requeueable deps ti=<TaskInstance: my_dag.training_model_B scheduled__2024-12-24T08:36:00+00:00 [queued]>
[2024-12-24T08:38:15.845+0000] {taskinstance.py:2866} INFO - Starting attempt 1 of 1
[2024-12-24T08:38:16.080+0000] {taskinstance.py:2889} INFO - Executing <Task(PythonOperator): training_model_B> on 2024-12-24 08:36:00+00:00
[2024-12-24T08:38:16.099+0000] {warnings.py:112} WARNING - /home/***/.local/lib/python3.12/site-packages/***/task/task_runner/standard_task_runner.py:70: DeprecationWarning: This process (pid=1518) is multi-threaded, use of fork() may lead to deadlocks in the child.
  pid = os.fork()

[2024-12-24T08:38:16.107+0000] {standard_task_runner.py:104} INFO - Running: ['***', 'tasks', 'run', 'my_dag', 'training_model_B', 'scheduled__2024-12-24T08:36:00+00:00', '--job-id', '87', '--raw', '--subdir', 'DAGS_FOLDER/my_dag.py', '--cfg-path', '/tmp/tmphbrfoz3g']
[2024-12-24T08:38:16.121+0000] {standard_task_runner.py:105} INFO - Job 87: Subtask training_model_B
[2024-12-24T08:38:16.121+0000] {standard_task_runner.py:72} INFO - Started process 1533 to run task
[2024-12-24T08:38:16.460+0000] {task_command.py:467} INFO - Running <TaskInstance: my_dag.training_model_B scheduled__2024-12-24T08:36:00+00:00 [running]> on host d2f0fcf0f48d
[2024-12-24T08:38:20.201+0000] {taskinstance.py:3132} INFO - Exporting env vars: AIRFLOW_CTX_DAG_OWNER='***' AIRFLOW_CTX_DAG_ID='my_dag' AIRFLOW_CTX_TASK_ID='training_model_B' AIRFLOW_CTX_EXECUTION_DATE='2024-12-24T08:36:00+00:00' AIRFLOW_CTX_TRY_NUMBER='1' AIRFLOW_CTX_DAG_RUN_ID='scheduled__2024-12-24T08:36:00+00:00'
[2024-12-24T08:38:20.222+0000] {logging_mixin.py:190} INFO - Task instance is in running state
[2024-12-24T08:38:20.225+0000] {logging_mixin.py:190} INFO -  Previous state of the Task instance: queued
[2024-12-24T08:38:20.258+0000] {logging_mixin.py:190} INFO - Current task name:training_model_B state:running start_date:2024-12-24 08:38:15.760276+00:00
[2024-12-24T08:38:20.270+0000] {logging_mixin.py:190} INFO - Dag name:my_dag and current dag run status:running
[2024-12-24T08:38:20.292+0000] {taskinstance.py:731} INFO - ::endgroup::
[2024-12-24T08:38:20.296+0000] {python.py:240} INFO - Done. Returned value was: 4
[2024-12-24T08:38:20.524+0000] {taskinstance.py:340} INFO - ::group::Post task execution logs
[2024-12-24T08:38:20.539+0000] {taskinstance.py:352} INFO - Marking task as SUCCESS. dag_id=my_dag, task_id=training_model_B, run_id=scheduled__2024-12-24T08:36:00+00:00, execution_date=20241224T083600, start_date=20241224T083815, end_date=20241224T083820
[2024-12-24T08:38:20.700+0000] {logging_mixin.py:190} INFO - Task instance in success state
[2024-12-24T08:38:20.706+0000] {logging_mixin.py:190} INFO -  Previous state of the Task instance: running
[2024-12-24T08:38:20.710+0000] {logging_mixin.py:190} INFO - Dag name:my_dag queued_at:2024-12-24 08:38:00.620678+00:00
[2024-12-24T08:38:20.712+0000] {logging_mixin.py:190} INFO - Task hostname:d2f0fcf0f48d operator:PythonOperator
[2024-12-24T08:38:20.780+0000] {local_task_job_runner.py:266} INFO - Task exited with return code 0
[2024-12-24T08:38:20.822+0000] {local_task_job_runner.py:245} INFO - ::endgroup::
[2024-12-24T08:38:21.147+0000] {standard_task_runner.py:217} INFO - Process not found (most likely exited), stop collecting metrics
