[2024-12-24T08:28:10.506+0000] {local_task_job_runner.py:123} INFO - ::group::Pre task execution logs
[2024-12-24T08:28:10.563+0000] {taskinstance.py:2613} INFO - Dependencies all met for dep_context=non-requeueable deps ti=<TaskInstance: my_dag.training_model_A scheduled__2024-12-24T08:26:00+00:00 [queued]>
[2024-12-24T08:28:10.583+0000] {taskinstance.py:2613} INFO - Dependencies all met for dep_context=requeueable deps ti=<TaskInstance: my_dag.training_model_A scheduled__2024-12-24T08:26:00+00:00 [queued]>
[2024-12-24T08:28:10.584+0000] {taskinstance.py:2866} INFO - Starting attempt 1 of 1
[2024-12-24T08:28:10.963+0000] {taskinstance.py:2889} INFO - Executing <Task(PythonOperator): training_model_A> on 2024-12-24 08:26:00+00:00
[2024-12-24T08:28:10.989+0000] {warnings.py:112} WARNING - /home/***/.local/lib/python3.12/site-packages/***/task/task_runner/standard_task_runner.py:70: DeprecationWarning: This process (pid=1303) is multi-threaded, use of fork() may lead to deadlocks in the child.
  pid = os.fork()

[2024-12-24T08:28:10.995+0000] {standard_task_runner.py:104} INFO - Running: ['***', 'tasks', 'run', 'my_dag', 'training_model_A', 'scheduled__2024-12-24T08:26:00+00:00', '--job-id', '61', '--raw', '--subdir', 'DAGS_FOLDER/my_dag.py', '--cfg-path', '/tmp/tmpezmc_fge']
[2024-12-24T08:28:11.021+0000] {standard_task_runner.py:72} INFO - Started process 1309 to run task
[2024-12-24T08:28:11.022+0000] {standard_task_runner.py:105} INFO - Job 61: Subtask training_model_A
[2024-12-24T08:28:11.458+0000] {task_command.py:467} INFO - Running <TaskInstance: my_dag.training_model_A scheduled__2024-12-24T08:26:00+00:00 [running]> on host d2f0fcf0f48d
[2024-12-24T08:28:16.469+0000] {taskinstance.py:3132} INFO - Exporting env vars: AIRFLOW_CTX_DAG_OWNER='***' AIRFLOW_CTX_DAG_ID='my_dag' AIRFLOW_CTX_TASK_ID='training_model_A' AIRFLOW_CTX_EXECUTION_DATE='2024-12-24T08:26:00+00:00' AIRFLOW_CTX_TRY_NUMBER='1' AIRFLOW_CTX_DAG_RUN_ID='scheduled__2024-12-24T08:26:00+00:00'
[2024-12-24T08:28:16.474+0000] {logging_mixin.py:190} INFO - Task instance is in running state
[2024-12-24T08:28:16.476+0000] {logging_mixin.py:190} INFO -  Previous state of the Task instance: queued
[2024-12-24T08:28:16.477+0000] {logging_mixin.py:190} INFO - Current task name:training_model_A state:running start_date:2024-12-24 08:28:10.564712+00:00
[2024-12-24T08:28:16.478+0000] {logging_mixin.py:190} INFO - Dag name:my_dag and current dag run status:running
[2024-12-24T08:28:16.479+0000] {taskinstance.py:731} INFO - ::endgroup::
[2024-12-24T08:28:16.480+0000] {python.py:240} INFO - Done. Returned value was: 2
[2024-12-24T08:28:17.341+0000] {taskinstance.py:340} INFO - ::group::Post task execution logs
[2024-12-24T08:28:17.345+0000] {taskinstance.py:352} INFO - Marking task as SUCCESS. dag_id=my_dag, task_id=training_model_A, run_id=scheduled__2024-12-24T08:26:00+00:00, execution_date=20241224T082600, start_date=20241224T082810, end_date=20241224T082817
[2024-12-24T08:28:17.691+0000] {logging_mixin.py:190} INFO - Task instance in success state
[2024-12-24T08:28:17.694+0000] {logging_mixin.py:190} INFO -  Previous state of the Task instance: running
[2024-12-24T08:28:17.696+0000] {logging_mixin.py:190} INFO - Dag name:my_dag queued_at:2024-12-24 08:28:00.244519+00:00
[2024-12-24T08:28:17.697+0000] {logging_mixin.py:190} INFO - Task hostname:d2f0fcf0f48d operator:PythonOperator
[2024-12-24T08:28:17.767+0000] {local_task_job_runner.py:266} INFO - Task exited with return code 0
[2024-12-24T08:28:18.171+0000] {taskinstance.py:3895} INFO - 1 downstream tasks scheduled from follow-on schedule check
[2024-12-24T08:28:18.223+0000] {local_task_job_runner.py:245} INFO - ::endgroup::
