[2024-12-24T08:24:15.046+0000] {local_task_job_runner.py:123} INFO - ::group::Pre task execution logs
[2024-12-24T08:24:15.231+0000] {taskinstance.py:2613} INFO - Dependencies all met for dep_context=non-requeueable deps ti=<TaskInstance: my_dag.training_model_A scheduled__2024-12-24T08:22:00+00:00 [queued]>
[2024-12-24T08:24:15.268+0000] {taskinstance.py:2613} INFO - Dependencies all met for dep_context=requeueable deps ti=<TaskInstance: my_dag.training_model_A scheduled__2024-12-24T08:22:00+00:00 [queued]>
[2024-12-24T08:24:15.278+0000] {taskinstance.py:2866} INFO - Starting attempt 1 of 1
[2024-12-24T08:24:16.816+0000] {taskinstance.py:2889} INFO - Executing <Task(PythonOperator): training_model_A> on 2024-12-24 08:22:00+00:00
[2024-12-24T08:24:16.879+0000] {warnings.py:112} WARNING - /home/***/.local/lib/python3.12/site-packages/***/task/task_runner/standard_task_runner.py:70: DeprecationWarning: This process (pid=1212) is multi-threaded, use of fork() may lead to deadlocks in the child.
  pid = os.fork()

[2024-12-24T08:24:16.894+0000] {standard_task_runner.py:72} INFO - Started process 1229 to run task
[2024-12-24T08:24:16.887+0000] {standard_task_runner.py:104} INFO - Running: ['***', 'tasks', 'run', 'my_dag', 'training_model_A', 'scheduled__2024-12-24T08:22:00+00:00', '--job-id', '53', '--raw', '--subdir', 'DAGS_FOLDER/my_dag.py', '--cfg-path', '/tmp/tmpv96157qz']
[2024-12-24T08:24:16.904+0000] {standard_task_runner.py:105} INFO - Job 53: Subtask training_model_A
[2024-12-24T08:24:17.210+0000] {task_command.py:467} INFO - Running <TaskInstance: my_dag.training_model_A scheduled__2024-12-24T08:22:00+00:00 [running]> on host d2f0fcf0f48d
[2024-12-24T08:24:18.674+0000] {taskinstance.py:3132} INFO - Exporting env vars: AIRFLOW_CTX_DAG_OWNER='***' AIRFLOW_CTX_DAG_ID='my_dag' AIRFLOW_CTX_TASK_ID='training_model_A' AIRFLOW_CTX_EXECUTION_DATE='2024-12-24T08:22:00+00:00' AIRFLOW_CTX_TRY_NUMBER='1' AIRFLOW_CTX_DAG_RUN_ID='scheduled__2024-12-24T08:22:00+00:00'
[2024-12-24T08:24:18.682+0000] {logging_mixin.py:190} INFO - Task instance is in running state
[2024-12-24T08:24:18.684+0000] {logging_mixin.py:190} INFO -  Previous state of the Task instance: queued
[2024-12-24T08:24:18.686+0000] {logging_mixin.py:190} INFO - Current task name:training_model_A state:running start_date:2024-12-24 08:24:15.234000+00:00
[2024-12-24T08:24:18.687+0000] {logging_mixin.py:190} INFO - Dag name:my_dag and current dag run status:running
[2024-12-24T08:24:18.688+0000] {taskinstance.py:731} INFO - ::endgroup::
[2024-12-24T08:24:18.693+0000] {python.py:240} INFO - Done. Returned value was: 9
[2024-12-24T08:24:18.880+0000] {taskinstance.py:340} INFO - ::group::Post task execution logs
[2024-12-24T08:24:18.884+0000] {taskinstance.py:352} INFO - Marking task as SUCCESS. dag_id=my_dag, task_id=training_model_A, run_id=scheduled__2024-12-24T08:22:00+00:00, execution_date=20241224T082200, start_date=20241224T082415, end_date=20241224T082418
[2024-12-24T08:24:19.106+0000] {logging_mixin.py:190} INFO - Task instance in success state
[2024-12-24T08:24:19.109+0000] {logging_mixin.py:190} INFO -  Previous state of the Task instance: running
[2024-12-24T08:24:19.117+0000] {logging_mixin.py:190} INFO - Dag name:my_dag queued_at:2024-12-24 08:24:00.343765+00:00
[2024-12-24T08:24:19.121+0000] {logging_mixin.py:190} INFO - Task hostname:d2f0fcf0f48d operator:PythonOperator
[2024-12-24T08:24:19.262+0000] {local_task_job_runner.py:266} INFO - Task exited with return code 0
[2024-12-24T08:24:19.372+0000] {local_task_job_runner.py:245} INFO - ::endgroup::
