[2024-12-24T08:32:37.312+0000] {local_task_job_runner.py:123} INFO - ::group::Pre task execution logs
[2024-12-24T08:32:37.354+0000] {taskinstance.py:2613} INFO - Dependencies all met for dep_context=non-requeueable deps ti=<TaskInstance: my_dag.inaccurate scheduled__2024-12-24T08:30:00+00:00 [queued]>
[2024-12-24T08:32:37.373+0000] {taskinstance.py:2613} INFO - Dependencies all met for dep_context=requeueable deps ti=<TaskInstance: my_dag.inaccurate scheduled__2024-12-24T08:30:00+00:00 [queued]>
[2024-12-24T08:32:37.374+0000] {taskinstance.py:2866} INFO - Starting attempt 1 of 1
[2024-12-24T08:32:37.450+0000] {taskinstance.py:2889} INFO - Executing <Task(BashOperator): inaccurate> on 2024-12-24 08:30:00+00:00
[2024-12-24T08:32:37.461+0000] {warnings.py:112} WARNING - /home/***/.local/lib/python3.12/site-packages/***/task/task_runner/standard_task_runner.py:70: DeprecationWarning: This process (pid=1411) is multi-threaded, use of fork() may lead to deadlocks in the child.
  pid = os.fork()

[2024-12-24T08:32:37.465+0000] {standard_task_runner.py:72} INFO - Started process 1413 to run task
[2024-12-24T08:32:37.466+0000] {standard_task_runner.py:104} INFO - Running: ['***', 'tasks', 'run', 'my_dag', 'inaccurate', 'scheduled__2024-12-24T08:30:00+00:00', '--job-id', '75', '--raw', '--subdir', 'DAGS_FOLDER/my_dag.py', '--cfg-path', '/tmp/tmpm6c2k9ds']
[2024-12-24T08:32:37.470+0000] {standard_task_runner.py:105} INFO - Job 75: Subtask inaccurate
[2024-12-24T08:32:37.594+0000] {task_command.py:467} INFO - Running <TaskInstance: my_dag.inaccurate scheduled__2024-12-24T08:30:00+00:00 [running]> on host d2f0fcf0f48d
[2024-12-24T08:32:38.448+0000] {taskinstance.py:3132} INFO - Exporting env vars: AIRFLOW_CTX_DAG_OWNER='***' AIRFLOW_CTX_DAG_ID='my_dag' AIRFLOW_CTX_TASK_ID='inaccurate' AIRFLOW_CTX_EXECUTION_DATE='2024-12-24T08:30:00+00:00' AIRFLOW_CTX_TRY_NUMBER='1' AIRFLOW_CTX_DAG_RUN_ID='scheduled__2024-12-24T08:30:00+00:00'
[2024-12-24T08:32:38.449+0000] {logging_mixin.py:190} INFO - Task instance is in running state
[2024-12-24T08:32:38.450+0000] {logging_mixin.py:190} INFO -  Previous state of the Task instance: queued
[2024-12-24T08:32:38.451+0000] {logging_mixin.py:190} INFO - Current task name:inaccurate state:running start_date:2024-12-24 08:32:37.355504+00:00
[2024-12-24T08:32:38.452+0000] {logging_mixin.py:190} INFO - Dag name:my_dag and current dag run status:running
[2024-12-24T08:32:38.454+0000] {taskinstance.py:731} INFO - ::endgroup::
[2024-12-24T08:32:38.456+0000] {subprocess.py:78} INFO - Tmp dir root location: /tmp
[2024-12-24T08:32:38.457+0000] {subprocess.py:88} INFO - Running command: ['/usr/bin/bash', '-c', "echo 'inaccurate'"]
[2024-12-24T08:32:38.475+0000] {subprocess.py:99} INFO - Output:
[2024-12-24T08:32:38.478+0000] {subprocess.py:106} INFO - inaccurate
[2024-12-24T08:32:38.479+0000] {subprocess.py:110} INFO - Command exited with return code 0
[2024-12-24T08:32:39.405+0000] {taskinstance.py:340} INFO - ::group::Post task execution logs
[2024-12-24T08:32:39.406+0000] {taskinstance.py:352} INFO - Marking task as SUCCESS. dag_id=my_dag, task_id=inaccurate, run_id=scheduled__2024-12-24T08:30:00+00:00, execution_date=20241224T083000, start_date=20241224T083237, end_date=20241224T083239
[2024-12-24T08:32:39.876+0000] {logging_mixin.py:190} INFO - Task instance in success state
[2024-12-24T08:32:39.879+0000] {logging_mixin.py:190} INFO -  Previous state of the Task instance: running
[2024-12-24T08:32:39.881+0000] {logging_mixin.py:190} INFO - Dag name:my_dag queued_at:2024-12-24 08:32:00.602030+00:00
[2024-12-24T08:32:39.882+0000] {logging_mixin.py:190} INFO - Task hostname:d2f0fcf0f48d operator:BashOperator
[2024-12-24T08:32:39.947+0000] {local_task_job_runner.py:266} INFO - Task exited with return code 0
[2024-12-24T08:32:40.037+0000] {taskinstance.py:3895} INFO - 0 downstream tasks scheduled from follow-on schedule check
[2024-12-24T08:32:40.298+0000] {local_task_job_runner.py:245} INFO - ::endgroup::
